[35m16:46:25.293[0;39m [31mWARN       [JavaFX Application Thread]              sc.server.Configuration[0;39m - Could not find server.properties at C:\Users\erikd\Desktop\Schule\Informatik\server.properties, will use default values!
[35m16:46:25.301[0;39m [34mINFO       [JavaFX Application Thread]  sc.server.network.NewClientListener[0;39m - Listening on port 13050 for incoming connections.
[35m16:46:25.301[0;39m [34mINFO                   [ClientManager]      sc.server.network.ClientManager[0;39m - ClientManager running
[35m16:46:25.394[0;39m [39mDEBUG      [JavaFX Application Thread]            sc.gui.AppStyle$Companion[0;39m - System Font: Font[name=System Regular, family=System, style=Regular, size=12.0]
[35m16:46:25.854[0;39m [39mDEBUG      [JavaFX Application Thread]      sc.gui.controller.AppController[0;39m - Requested View change from GAME_CREATION -> GAME_CREATION
[35m16:46:25.855[0;39m [31mWARN       [JavaFX Application Thread]      sc.gui.controller.AppController[0;39m - Noop view change request!
[35m16:49:59.163[0;39m [34mINFO               [NewClientListener]  sc.server.network.NewClientListener[0;39m - Connecting a Client at Socket[addr=/127.0.0.1,port=60193,localport=13050]...
[35m16:49:59.528[0;39m [34mINFO                   [ClientManager]      sc.server.network.ClientManager[0;39m - Delegating new client to ClientManager...
[35m16:49:59.528[0;39m [34mINFO               [NewClientListener]  sc.server.network.NewClientListener[0;39m - Added Client Client@4afb959d to ReadyQueue.
[35m16:49:59.528[0;39m [34mINFO                   [ClientManager]      sc.server.network.ClientManager[0;39m - Delegation done
[35m16:49:59.551[0;39m [31mWARN  [XStream-Receive id:55 of Clien]            sc.server.gaming.GameRoom[0;39m - PAUSE is already false, dropping request
[35m16:49:59.558[0;39m [34mINFO  [XStream-Receive id:55 of Clien]            sc.server.gaming.GameRoom[0;39m - Game not ready yet: Game(players=[ONE()], gameState=GameState(board=Board[â–¶, P1, P2, ðŸ‡, ðŸ§º, ðŸ¥•, ðŸ¥•, ðŸ¥•, ðŸ‡, ðŸ‡, ðŸ¥—, ðŸ¦”, ðŸ‡, ðŸ¥•, ðŸ¥•, ðŸ¦”, P1, P2, ðŸ§º, ðŸ¦”, ðŸ¥•, ðŸ¥—, P2, ðŸ¥•, ðŸ¦”, ðŸ¥•, ðŸ¥•, ðŸ‡, P2, ðŸ§º, ðŸ¦”, ðŸ‡, P1, ðŸ¥•, P2, ðŸ‡, ðŸ¥•, ðŸ¦”, ðŸ‡, ðŸ¥•, P2, ðŸ¥•, ðŸ¥—, ðŸ¦”, ðŸ‡, P2, P1, ðŸ¥•, ðŸ¥•, ðŸ§º, ðŸ¦”, ðŸ§º, ðŸ¥•, ðŸ‡, P2, ðŸ¥•, ðŸ¦”, ðŸ¥—, ðŸ‡, ðŸ¥•, P1, ðŸ¥•, ðŸ‡, ðŸ¥•, ðŸ], turn=0, players=[Hare(team=ONE, position=0, salads=5, carrots=68, lastAction=null, cards=[]), Hare(team=TWO, position=0, salads=5, carrots=68, lastAction=null, cards=[])], lastMove=null))
[35m16:50:00.914[0;39m [31mWARN  [XStream-Receive id:55 of Clien]  sc.networking.clients.XStreamClient[0;39m - Disconnecting with LOST_CONNECTION because of com.thoughtworks.xstream.io.StreamException: : Client@4afb959d
com.thoughtworks.xstream.io.StreamException: 
	at com.thoughtworks.xstream.io.xml.XppReader.pullNextEvent(XppReader.java:126)
	at com.thoughtworks.xstream.io.xml.AbstractPullReader.readRealEvent(AbstractPullReader.java:148)
	at com.thoughtworks.xstream.io.xml.AbstractPullReader.readEvent(AbstractPullReader.java:135)
	at com.thoughtworks.xstream.io.xml.AbstractPullReader.hasMoreChildren(AbstractPullReader.java:87)
	at com.thoughtworks.xstream.XStream$4.readFromStream(XStream.java:2101)
	at com.thoughtworks.xstream.core.util.CustomObjectInputStream.readObjectOverride(CustomObjectInputStream.java:123)
	at java.base/java.io.ObjectInputStream.readObject(ObjectInputStream.java:519)
	at java.base/java.io.ObjectInputStream.readObject(ObjectInputStream.java:486)
	at sc.networking.clients.XStreamClient.receiveThread(XStreamClient.java:103)
	at sc.networking.clients.XStreamClient$1.run(XStreamClient.java:80)
	at java.base/java.lang.Thread.run(Thread.java:1575)
Caused by: java.net.SocketException: Connection reset
	at java.base/sun.nio.ch.NioSocketImpl.implRead(NioSocketImpl.java:318)
	at java.base/sun.nio.ch.NioSocketImpl.read(NioSocketImpl.java:346)
	at java.base/sun.nio.ch.NioSocketImpl$1.read(NioSocketImpl.java:796)
	at java.base/java.net.Socket$SocketInputStream.implRead(Socket.java:1116)
	at java.base/java.net.Socket$SocketInputStream.read(Socket.java:1103)
	at java.base/java.io.FilterInputStream.read(FilterInputStream.java:119)
	at java.base/java.io.PushbackInputStream.read(PushbackInputStream.java:197)
	at java.base/sun.nio.cs.StreamDecoder.readBytes(StreamDecoder.java:350)
	at java.base/sun.nio.cs.StreamDecoder.implRead(StreamDecoder.java:393)
	at java.base/sun.nio.cs.StreamDecoder.lockedRead(StreamDecoder.java:217)
	at java.base/sun.nio.cs.StreamDecoder.read(StreamDecoder.java:171)
	at java.base/java.io.InputStreamReader.read(InputStreamReader.java:190)
	at com.thoughtworks.xstream.core.util.XmlHeaderAwareReader.read(XmlHeaderAwareReader.java:223)
	at org.kxml2.io.KXmlParser.peek(Unknown Source)
	at org.kxml2.io.KXmlParser.peekType(Unknown Source)
	at org.kxml2.io.KXmlParser.nextImpl(Unknown Source)
	at org.kxml2.io.KXmlParser.next(Unknown Source)
	at com.thoughtworks.xstream.io.xml.XppReader.pullNextEvent(XppReader.java:109)
	... 10 common frames omitted
[35m16:50:00.917[0;39m [34mINFO  [XStream-Receive id:55 of Clien]  sc.networking.clients.XStreamClient[0;39m - Disconnected with LOST_CONNECTION: Client@4afb959d
[35m16:50:00.917[0;39m [34mINFO  [XStream-Receive id:55 of Clien]      sc.server.network.ClientManager[0;39m - Removing client Client@4afb959d from client manager
[35m16:50:00.917[0;39m [34mINFO  [XStream-Receive id:55 of Clien]            sc.server.gaming.GameRoom[0;39m - Removing ONE() from sc.server.gaming.GameRoom@12d829ed
[35m16:50:00.918[0;39m [34mINFO  [XStream-Receive id:55 of Clien]   sc.framework.plugins.TwoPlayerGame[0;39m - Stopping Game(players=[ONE()], gameState=GameState(board=Board[â–¶, P1, P2, ðŸ‡, ðŸ§º, ðŸ¥•, ðŸ¥•, ðŸ¥•, ðŸ‡, ðŸ‡, ðŸ¥—, ðŸ¦”, ðŸ‡, ðŸ¥•, ðŸ¥•, ðŸ¦”, P1, P2, ðŸ§º, ðŸ¦”, ðŸ¥•, ðŸ¥—, P2, ðŸ¥•, ðŸ¦”, ðŸ¥•, ðŸ¥•, ðŸ‡, P2, ðŸ§º, ðŸ¦”, ðŸ‡, P1, ðŸ¥•, P2, ðŸ‡, ðŸ¥•, ðŸ¦”, ðŸ‡, ðŸ¥•, P2, ðŸ¥•, ðŸ¥—, ðŸ¦”, ðŸ‡, P2, P1, ðŸ¥•, ðŸ¥•, ðŸ§º, ðŸ¦”, ðŸ§º, ðŸ¥•, ðŸ‡, P2, ðŸ¥•, ðŸ¦”, ðŸ¥—, ðŸ‡, ðŸ¥•, P1, ðŸ¥•, ðŸ‡, ðŸ¥•, ðŸ], turn=0, players=[Hare(team=ONE, position=0, salads=5, carrots=68, lastAction=null, cards=[]), Hare(team=TWO, position=0, salads=5, carrots=68, lastAction=null, cards=[])], lastMove=null))
[35m16:50:00.918[0;39m [34mINFO  [XStream-Receive id:55 of Clien]            sc.server.gaming.GameRoom[0;39m - Updating Status to OVER (was: CREATED)
[35m16:50:00.918[0;39m [34mINFO  [XStream-Receive id:55 of Clien]            sc.server.gaming.GameRoom[0;39m - Game(players=[ONE()], gameState=GameState(board=Board[â–¶, P1, P2, ðŸ‡, ðŸ§º, ðŸ¥•, ðŸ¥•, ðŸ¥•, ðŸ‡, ðŸ‡, ðŸ¥—, ðŸ¦”, ðŸ‡, ðŸ¥•, ðŸ¥•, ðŸ¦”, P1, P2, ðŸ§º, ðŸ¦”, ðŸ¥•, ðŸ¥—, P2, ðŸ¥•, ðŸ¦”, ðŸ¥•, ðŸ¥•, ðŸ‡, P2, ðŸ§º, ðŸ¦”, ðŸ‡, P1, ðŸ¥•, P2, ðŸ‡, ðŸ¥•, ðŸ¦”, ðŸ‡, ðŸ¥•, P2, ðŸ¥•, ðŸ¥—, ðŸ¦”, ðŸ‡, P2, P1, ðŸ¥•, ðŸ¥•, ðŸ§º, ðŸ¦”, ðŸ§º, ðŸ¥•, ðŸ‡, P2, ðŸ¥•, ðŸ¦”, ðŸ¥—, ðŸ‡, ðŸ¥•, P1, ðŸ¥•, ðŸ‡, ðŸ¥•, ðŸ], turn=0, players=[Hare(team=ONE, position=0, salads=5, carrots=68, lastAction=null, cards=[]), Hare(team=TWO, position=0, salads=5, carrots=68, lastAction=null, cards=[])], lastMove=null)) is over (regular=false)
[35m16:50:00.919[0;39m [31mWARN  [XStream-Receive id:55 of Clien]  sc.networking.clients.XStreamClient[0;39m - Writing on a closed Stream -> dropped the packet (tried to send package of type RoomPacket)
[35m16:50:00.936[0;39m [31mWARN  [XStream-Receive id:55 of Clien]  sc.networking.clients.XStreamClient[0;39m - Writing on a closed Stream -> dropped the packet (tried to send package of type RemovedFromGame)
[35m16:53:16.211[0;39m [39mDEBUG      [JavaFX Application Thread]                sc.gui.model.AppModel[0;39m - Saving Preferences
[35m16:53:16.213[0;39m [34mINFO       [JavaFX Application Thread]  sc.server.network.NewClientListener[0;39m - Shutting down NewClientListener...
[35m16:53:16.214[0;39m [39mDEBUG      [JavaFX Application Thread]                     sc.gui.ServerApp[0;39m - App stopped, ending program
