[35m23:58:48.932[0;39m [34mINFO                            [main]  sc.networking.clients.XStreamClient[0;39m - Creating TCP Network for localhost:13050
[35m23:58:51.774[0;39m [34mINFO  [XStream-Receive id:42 of Lobby]                      sc.player.Logic[0;39m - Zug: 0 Dran: ONE
[35m23:58:51.878[0;39m [34mINFO  [XStream-Receive id:42 of Lobby]                      sc.player.Logic[0;39m - Zug: 1 Dran: TWO
[35m23:58:51.932[0;39m [34mINFO  [XStream-Receive id:42 of Lobby]                      sc.player.Logic[0;39m - Es wurde ein Zug von TWO angefordert.
[35m23:58:51.943[0;39m [34mINFO  [XStream-Receive id:42 of Lobby]                      sc.player.Logic[0;39m - Sende Vorwärts um 5 nach 11ms.
[35m23:58:52.010[0;39m [34mINFO  [XStream-Receive id:42 of Lobby]                      sc.player.Logic[0;39m - Zug: 2 Dran: ONE
[35m23:58:52.085[0;39m [34mINFO  [XStream-Receive id:42 of Lobby]                      sc.player.Logic[0;39m - Zug: 3 Dran: TWO
[35m23:58:52.144[0;39m [34mINFO  [XStream-Receive id:42 of Lobby]                      sc.player.Logic[0;39m - Es wurde ein Zug von TWO angefordert.
[35m23:58:52.144[0;39m [34mINFO  [XStream-Receive id:42 of Lobby]                      sc.player.Logic[0;39m - Sende Vorwärts um 3 nach 0ms.
[35m23:58:52.155[0;39m [34mINFO  [XStream-Receive id:42 of Lobby]                      sc.player.Logic[0;39m - Zug: 4 Dran: ONE
[35m23:58:52.224[0;39m [34mINFO  [XStream-Receive id:42 of Lobby]                      sc.player.Logic[0;39m - Zug: 5 Dran: TWO
[35m23:58:52.280[0;39m [34mINFO  [XStream-Receive id:42 of Lobby]                      sc.player.Logic[0;39m - Es wurde ein Zug von TWO angefordert.
[35m23:58:52.280[0;39m [34mINFO  [XStream-Receive id:42 of Lobby]                      sc.player.Logic[0;39m - Sende Vorwärts um 12 nach 0ms.
[35m23:58:52.291[0;39m [34mINFO  [XStream-Receive id:42 of Lobby]                      sc.player.Logic[0;39m - Zug: 6 Dran: ONE
[35m23:58:52.361[0;39m [34mINFO  [XStream-Receive id:42 of Lobby]                      sc.player.Logic[0;39m - Zug: 7 Dran: TWO
[35m23:58:52.427[0;39m [34mINFO  [XStream-Receive id:42 of Lobby]                      sc.player.Logic[0;39m - Es wurde ein Zug von TWO angefordert.
[35m23:58:52.428[0;39m [34mINFO  [XStream-Receive id:42 of Lobby]                      sc.player.Logic[0;39m - Sende Vorwärts um 12 mit Karten [Vorrücken] nach 1ms.
[35m23:58:52.449[0;39m [34mINFO  [XStream-Receive id:42 of Lobby]                      sc.player.Logic[0;39m - Zug: 8 Dran: ONE
[35m23:58:52.527[0;39m [34mINFO  [XStream-Receive id:42 of Lobby]                      sc.player.Logic[0;39m - Zug: 9 Dran: TWO
[35m23:58:52.587[0;39m [34mINFO  [XStream-Receive id:42 of Lobby]                      sc.player.Logic[0;39m - Es wurde ein Zug von TWO angefordert.
[35m23:58:52.587[0;39m [34mINFO  [XStream-Receive id:42 of Lobby]                      sc.player.Logic[0;39m - Sende Vorwärts um 7 nach 0ms.
[35m23:58:52.600[0;39m [34mINFO  [XStream-Receive id:42 of Lobby]                      sc.player.Logic[0;39m - Zug: 10 Dran: ONE
[35m23:58:52.665[0;39m [34mINFO  [XStream-Receive id:42 of Lobby]                      sc.player.Logic[0;39m - Zug: 11 Dran: TWO
[35m23:58:52.732[0;39m [34mINFO  [XStream-Receive id:42 of Lobby]                      sc.player.Logic[0;39m - Es wurde ein Zug von TWO angefordert.
[35m23:58:52.732[0;39m [34mINFO  [XStream-Receive id:42 of Lobby]                      sc.player.Logic[0;39m - Sende Vorwärts um 5 nach 0ms.
[35m23:58:52.761[0;39m [34mINFO  [XStream-Receive id:42 of Lobby]                      sc.player.Logic[0;39m - Zug: 12 Dran: ONE
[35m23:58:52.830[0;39m [34mINFO  [XStream-Receive id:42 of Lobby]                      sc.player.Logic[0;39m - Zug: 13 Dran: TWO
[35m23:58:52.897[0;39m [34mINFO  [XStream-Receive id:42 of Lobby]                      sc.player.Logic[0;39m - Es wurde ein Zug von TWO angefordert.
[35m23:58:52.898[0;39m [34mINFO  [XStream-Receive id:42 of Lobby]                      sc.player.Logic[0;39m - Sende Salat fressen nach 1ms.
[35m23:58:52.903[0;39m [34mINFO  [XStream-Receive id:42 of Lobby]                      sc.player.Logic[0;39m - Zug: 14 Dran: ONE
[35m23:58:52.970[0;39m [34mINFO  [XStream-Receive id:42 of Lobby]                      sc.player.Logic[0;39m - Zug: 15 Dran: TWO
[35m23:58:53.032[0;39m [34mINFO  [XStream-Receive id:42 of Lobby]                      sc.player.Logic[0;39m - Es wurde ein Zug von TWO angefordert.
[35m23:58:53.033[0;39m [34mINFO  [XStream-Receive id:42 of Lobby]                      sc.player.Logic[0;39m - Sende Vorwärts um 13 nach 1ms.
[35m23:58:53.095[0;39m [34mINFO  [XStream-Receive id:42 of Lobby]                      sc.player.Logic[0;39m - Zug: 16 Dran: ONE
[35m23:58:53.180[0;39m [34mINFO  [XStream-Receive id:42 of Lobby]                      sc.player.Logic[0;39m - Zug: 17 Dran: TWO
[35m23:58:53.251[0;39m [34mINFO  [XStream-Receive id:42 of Lobby]                      sc.player.Logic[0;39m - Es wurde ein Zug von TWO angefordert.
[35m23:58:53.252[0;39m [34mINFO  [XStream-Receive id:42 of Lobby]                      sc.player.Logic[0;39m - Sende Vorwärts um 12 mit Karten [Karotten tauschen] nach 1ms.
[35m23:58:53.302[0;39m [34mINFO  [XStream-Receive id:42 of Lobby]                      sc.player.Logic[0;39m - Zug: 18 Dran: ONE
[35m23:58:53.370[0;39m [34mINFO  [XStream-Receive id:42 of Lobby]                      sc.player.Logic[0;39m - Zug: 19 Dran: TWO
[35m23:58:53.434[0;39m [34mINFO  [XStream-Receive id:42 of Lobby]                      sc.player.Logic[0;39m - Es wurde ein Zug von TWO angefordert.
[35m23:58:53.435[0;39m [34mINFO  [XStream-Receive id:42 of Lobby]                      sc.player.Logic[0;39m - Sende Vorwärts um 9 nach 1ms.
[35m23:58:53.447[0;39m [34mINFO  [XStream-Receive id:42 of Lobby]                      sc.player.Logic[0;39m - Zug: 20 Dran: ONE
[35m23:58:53.528[0;39m [34mINFO  [XStream-Receive id:42 of Lobby]                      sc.player.Logic[0;39m - Zug: 21 Dran: TWO
[35m23:58:53.584[0;39m [34mINFO  [XStream-Receive id:42 of Lobby]                      sc.player.Logic[0;39m - Es wurde ein Zug von TWO angefordert.
[35m23:58:53.584[0;39m [34mINFO  [XStream-Receive id:42 of Lobby]                      sc.player.Logic[0;39m - Sende Vorwärts um 1 mit Karten [Vorrücken] nach 0ms.
[35m23:58:53.625[0;39m [34mINFO  [XStream-Receive id:42 of Lobby]                      sc.player.Logic[0;39m - Zug: 22 Dran: ONE
[35m23:58:53.691[0;39m [34mINFO  [XStream-Receive id:42 of Lobby]                      sc.player.Logic[0;39m - Zug: 23 Dran: TWO
[35m23:58:53.763[0;39m [34mINFO  [XStream-Receive id:42 of Lobby]                      sc.player.Logic[0;39m - Es wurde ein Zug von TWO angefordert.
[35m23:58:53.763[0;39m [34mINFO  [XStream-Receive id:42 of Lobby]                      sc.player.Logic[0;39m - Sende Vorwärts um 9 nach 0ms.
[35m23:58:53.814[0;39m [34mINFO  [XStream-Receive id:42 of Lobby]                      sc.player.Logic[0;39m - Zug: 24 Dran: ONE
[35m23:58:53.880[0;39m [34mINFO  [XStream-Receive id:42 of Lobby]                      sc.player.Logic[0;39m - Zug: 25 Dran: TWO
[35m23:58:53.943[0;39m [34mINFO  [XStream-Receive id:42 of Lobby]                      sc.player.Logic[0;39m - Es wurde ein Zug von TWO angefordert.
[35m23:58:53.943[0;39m [34mINFO  [XStream-Receive id:42 of Lobby]                      sc.player.Logic[0;39m - Sende Vorwärts um 7 mit Karten [Zurückfallen] nach 0ms.
[35m23:58:53.982[0;39m [34mINFO  [XStream-Receive id:42 of Lobby]                      sc.player.Logic[0;39m - Zug: 26 Dran: ONE
[35m23:58:54.051[0;39m [34mINFO  [XStream-Receive id:42 of Lobby]                      sc.player.Logic[0;39m - Zug: 27 Dran: TWO
[35m23:58:54.119[0;39m [34mINFO  [XStream-Receive id:42 of Lobby]                      sc.player.Logic[0;39m - Es wurde ein Zug von TWO angefordert.
[35m23:58:54.120[0;39m [34mINFO  [XStream-Receive id:42 of Lobby]                      sc.player.Logic[0;39m - Sende Vorwärts um 5 mit Karten [Vorrücken] nach 1ms.
[35m23:58:54.156[0;39m [34mINFO  [XStream-Receive id:42 of Lobby]                      sc.player.Logic[0;39m - Zug: 28 Dran: ONE
[35m23:58:54.225[0;39m [34mINFO  [XStream-Receive id:42 of Lobby]                      sc.player.Logic[0;39m - Zug: 29 Dran: TWO
[35m23:58:54.289[0;39m [34mINFO  [XStream-Receive id:42 of Lobby]                      sc.player.Logic[0;39m - Es wurde ein Zug von TWO angefordert.
[35m23:58:54.290[0;39m [34mINFO  [XStream-Receive id:42 of Lobby]                      sc.player.Logic[0;39m - Sende Vorwärts um 4 mit Karten [Vorrücken] nach 1ms.
[35m23:58:54.321[0;39m [34mINFO  [XStream-Receive id:42 of Lobby]                      sc.player.Logic[0;39m - Zug: 30 Dran: ONE
[35m23:58:54.388[0;39m [34mINFO  [XStream-Receive id:42 of Lobby]                      sc.player.Logic[0;39m - Zug: 31 Dran: TWO
[35m23:58:54.459[0;39m [34mINFO  [XStream-Receive id:42 of Lobby]                      sc.player.Logic[0;39m - Es wurde ein Zug von TWO angefordert.
[35m23:58:54.460[0;39m [34mINFO  [XStream-Receive id:42 of Lobby]                      sc.player.Logic[0;39m - Sende Salat fressen nach 1ms.
[35m23:58:54.465[0;39m [34mINFO  [XStream-Receive id:42 of Lobby]                      sc.player.Logic[0;39m - Zug: 32 Dran: ONE
[35m23:58:54.529[0;39m [34mINFO  [XStream-Receive id:42 of Lobby]                      sc.player.Logic[0;39m - Zug: 33 Dran: TWO
[35m23:58:54.590[0;39m [34mINFO  [XStream-Receive id:42 of Lobby]                      sc.player.Logic[0;39m - Es wurde ein Zug von TWO angefordert.
[35m23:58:54.590[0;39m [34mINFO  [XStream-Receive id:42 of Lobby]                      sc.player.Logic[0;39m - Sende Vorwärts um 6 nach 0ms.
[35m23:58:54.597[0;39m [34mINFO  [XStream-Receive id:42 of Lobby]                      sc.player.Logic[0;39m - Zug: 34 Dran: ONE
[35m23:58:54.664[0;39m [34mINFO  [XStream-Receive id:42 of Lobby]                      sc.player.Logic[0;39m - Zug: 35 Dran: TWO
[35m23:58:54.727[0;39m [34mINFO  [XStream-Receive id:42 of Lobby]                      sc.player.Logic[0;39m - Es wurde ein Zug von TWO angefordert.
[35m23:58:54.727[0;39m [34mINFO  [XStream-Receive id:42 of Lobby]                      sc.player.Logic[0;39m - Sende Karottenvorrat um -10 aendern nach 0ms.
[35m23:58:54.754[0;39m [34mINFO  [XStream-Receive id:42 of Lobby]                      sc.player.Logic[0;39m - Zug: 36 Dran: ONE
[35m23:58:54.821[0;39m [34mINFO  [XStream-Receive id:42 of Lobby]                      sc.player.Logic[0;39m - Zug: 37 Dran: TWO
[35m23:58:54.887[0;39m [34mINFO  [XStream-Receive id:42 of Lobby]                      sc.player.Logic[0;39m - Es wurde ein Zug von TWO angefordert.
[35m23:58:54.887[0;39m [34mINFO  [XStream-Receive id:42 of Lobby]                      sc.player.Logic[0;39m - Sende Vorwärts um 2 nach 0ms.
[35m23:58:54.918[0;39m [34mINFO  [XStream-Receive id:42 of Lobby]                      sc.player.Logic[0;39m - Zug: 38 Dran: ONE
[35m23:58:54.982[0;39m [34mINFO  [XStream-Receive id:42 of Lobby]                      sc.player.Logic[0;39m - Zug: 39 Dran: TWO
[35m23:58:55.043[0;39m [34mINFO  [XStream-Receive id:42 of Lobby]                      sc.player.Logic[0;39m - Es wurde ein Zug von TWO angefordert.
[35m23:58:55.043[0;39m [34mINFO  [XStream-Receive id:42 of Lobby]                      sc.player.Logic[0;39m - Sende Vorwärts um 18 nach 0ms.
[35m23:58:55.064[0;39m [34mINFO  [XStream-Receive id:42 of Lobby]                      sc.player.Logic[0;39m - Zug: 40 Dran: ONE
[35m23:58:55.141[0;39m [34mINFO  [XStream-Receive id:42 of Lobby]                      sc.player.Logic[0;39m - Zug: 41 Dran: TWO
[35m23:58:55.206[0;39m [34mINFO  [XStream-Receive id:42 of Lobby]                      sc.player.Logic[0;39m - Es wurde ein Zug von TWO angefordert.
[35m23:58:55.206[0;39m [34mINFO  [XStream-Receive id:42 of Lobby]                      sc.player.Logic[0;39m - Sende Vorwärts um 9 nach 0ms.
[35m23:58:55.243[0;39m [34mINFO  [XStream-Receive id:42 of Lobby]                      sc.player.Logic[0;39m - Zug: 42 Dran: ONE
[35m23:58:55.310[0;39m [34mINFO  [XStream-Receive id:42 of Lobby]                      sc.player.Logic[0;39m - Zug: 43 Dran: TWO
[35m23:58:55.384[0;39m [34mINFO  [XStream-Receive id:42 of Lobby]                      sc.player.Logic[0;39m - Es wurde ein Zug von TWO angefordert.
[35m23:58:55.384[0;39m [34mINFO  [XStream-Receive id:42 of Lobby]                      sc.player.Logic[0;39m - Sende Vorwärts um 14 nach 0ms.
[35m23:58:55.418[0;39m [34mINFO  [XStream-Receive id:42 of Lobby]                      sc.player.Logic[0;39m - Zug: 44 Dran: ONE
[35m23:58:55.500[0;39m [34mINFO  [XStream-Receive id:42 of Lobby]                      sc.player.Logic[0;39m - Zug: 45 Dran: TWO
[35m23:58:55.556[0;39m [34mINFO  [XStream-Receive id:42 of Lobby]                      sc.player.Logic[0;39m - Es wurde ein Zug von TWO angefordert.
[35m23:58:55.556[0;39m [34mINFO  [XStream-Receive id:42 of Lobby]                      sc.player.Logic[0;39m - Sende Vorwärts um 18 mit Karten [Salat fressen] nach 0ms.
[35m23:58:55.628[0;39m [34mINFO  [XStream-Receive id:42 of Lobby]                      sc.player.Logic[0;39m - Zug: 46 Dran: ONE
[35m23:58:55.711[0;39m [34mINFO  [XStream-Receive id:42 of Lobby]                      sc.player.Logic[0;39m - Zug: 47 Dran: TWO
[35m23:58:55.782[0;39m [34mINFO  [XStream-Receive id:42 of Lobby]                      sc.player.Logic[0;39m - Es wurde ein Zug von TWO angefordert.
[35m23:58:55.783[0;39m [34mINFO  [XStream-Receive id:42 of Lobby]                      sc.player.Logic[0;39m - Sende Vorwärts um 16 mit Karten [Vorrücken] nach 0ms.
[35m23:58:55.849[0;39m [34mINFO  [XStream-Receive id:42 of Lobby]                      sc.player.Logic[0;39m - Zug: 48 Dran: ONE
[35m23:58:55.924[0;39m [34mINFO  [XStream-Receive id:42 of Lobby]                      sc.player.Logic[0;39m - Zug: 49 Dran: TWO
[35m23:58:55.997[0;39m [34mINFO  [XStream-Receive id:42 of Lobby]                      sc.player.Logic[0;39m - Es wurde ein Zug von TWO angefordert.
[35m23:58:55.997[0;39m [34mINFO  [XStream-Receive id:42 of Lobby]                      sc.player.Logic[0;39m - Sende Vorwärts um 16 nach 1ms.
[35m23:58:56.032[0;39m [34mINFO  [XStream-Receive id:42 of Lobby]                      sc.player.Logic[0;39m - Zug: 50 Dran: ONE
[35m23:58:56.106[0;39m [34mINFO  [XStream-Receive id:42 of Lobby]                      sc.player.Logic[0;39m - Zug: 51 Dran: TWO
[35m23:58:56.171[0;39m [34mINFO  [XStream-Receive id:42 of Lobby]                      sc.player.Logic[0;39m - Es wurde ein Zug von TWO angefordert.
[35m23:58:56.171[0;39m [34mINFO  [XStream-Receive id:42 of Lobby]                      sc.player.Logic[0;39m - Sende Vorwärts um 18 mit Karten [Salat fressen] nach 0ms.
[35m23:58:56.182[0;39m [34mINFO  [XStream-Receive id:42 of Lobby]                      sc.player.Logic[0;39m - Zug: 52 Dran: ONE
[35m23:58:56.241[0;39m [34mINFO  [XStream-Receive id:42 of Lobby]                      sc.player.Logic[0;39m - Das Spiel ist beendet, Ergebnis: GameResult(winner=Spieler 1 hat das Ziel zuerst erreicht., scores=[Spieler 1[Siegpunkte=2, Feldnummer=64, Karotten=0], Spieler 2[Siegpunkte=0, Feldnummer=35, Karotten=269]])
[35m23:58:56.241[0;39m [34mINFO  [XStream-Receive id:42 of Lobby]    sc.networking.clients.LobbyClient[0;39m - Received game result: GameResult(winner=Spieler 1 hat das Ziel zuerst erreicht., scores=[Spieler 1[Siegpunkte=2, Feldnummer=64, Karotten=0], Spieler 2[Siegpunkte=0, Feldnummer=35, Karotten=269]])
[35m23:58:56.242[0;39m [34mINFO  [XStream-Receive id:42 of Lobby]    sc.networking.clients.LobbyClient[0;39m - Left f6e182e7-66d7-486a-a56f-da3cccff8402
[35m23:58:56.242[0;39m [34mINFO  [XStream-Receive id:42 of Lobby]  sc.networking.clients.XStreamClient[0;39m - Stopping XStream-Receive id:42 of LobbyClient@11bb571c
[35m23:58:56.242[0;39m [31mWARN  [XStream-Receive id:42 of Lobby]  sc.networking.clients.XStreamClient[0;39m - ReceiveThread is stopping itself
[35m23:58:56.243[0;39m [34mINFO  [XStream-Receive id:42 of Lobby]  sc.networking.clients.XStreamClient[0;39m - Disconnected with INITIATED_DISCONNECT: LobbyClient@11bb571c
