[35m17:46:51.768[0;39m [31mWARN       [JavaFX Application Thread]              sc.server.Configuration[0;39m - Could not find server.properties at C:\Users\erikd\Desktop\Work\Schule\Informatik\Java\server.properties, will use default values!
[35m17:46:51.776[0;39m [34mINFO       [JavaFX Application Thread]  sc.server.network.NewClientListener[0;39m - Listening on port 13050 for incoming connections.
[35m17:46:51.777[0;39m [34mINFO                   [ClientManager]      sc.server.network.ClientManager[0;39m - ClientManager running
[35m17:46:51.873[0;39m [39mDEBUG      [JavaFX Application Thread]            sc.gui.AppStyle$Companion[0;39m - System Font: Font[name=System Regular, family=System, style=Regular, size=12.0]
[35m17:46:52.295[0;39m [39mDEBUG      [JavaFX Application Thread]      sc.gui.controller.AppController[0;39m - Requested View change from GAME_CREATION -> GAME_CREATION
[35m17:46:52.296[0;39m [31mWARN       [JavaFX Application Thread]      sc.gui.controller.AppController[0;39m - Noop view change request!
[35m17:46:54.877[0;39m [34mINFO               [NewClientListener]  sc.server.network.NewClientListener[0;39m - Connecting a Client at Socket[addr=/127.0.0.1,port=63845,localport=13050]...
[35m17:46:55.290[0;39m [34mINFO                   [ClientManager]      sc.server.network.ClientManager[0;39m - Delegating new client to ClientManager...
[35m17:46:55.290[0;39m [34mINFO               [NewClientListener]  sc.server.network.NewClientListener[0;39m - Added Client Client@375ee5c9 to ReadyQueue.
[35m17:46:55.290[0;39m [34mINFO                   [ClientManager]      sc.server.network.ClientManager[0;39m - Delegation done
[35m17:46:55.463[0;39m [31mWARN  [XStream-Receive id:55 of Clien]            sc.server.gaming.GameRoom[0;39m - PAUSE is already false, dropping request
[35m17:46:55.469[0;39m [34mINFO  [XStream-Receive id:55 of Clien]            sc.server.gaming.GameRoom[0;39m - Game not ready yet: Game(players=[ONE()], gameState=GameState(board=Board[â–¶, ðŸ¥•, ðŸ¥•, ðŸ¥•, ðŸ‡, P1, ðŸ‡, ðŸ‡, ðŸ§º, P2, ðŸ¥—, ðŸ¦”, ðŸ‡, ðŸ¥•, ðŸ¥•, ðŸ¦”, P1, ðŸ§º, P2, ðŸ¦”, ðŸ¥•, ðŸ¥—, ðŸ¥•, P2, ðŸ¦”, ðŸ¥•, ðŸ‡, ðŸ§º, P2, ðŸ¥•, ðŸ¦”, ðŸ¥•, P2, P1, ðŸ‡, ðŸ‡, ðŸ¥•, ðŸ¦”, ðŸ¥•, ðŸ‡, ðŸ¥•, P2, ðŸ¥—, ðŸ¦”, P2, ðŸ¥•, ðŸ‡, ðŸ§º, P1, ðŸ¥•, ðŸ¦”, P2, ðŸ¥•, ðŸ¥•, ðŸ§º, ðŸ‡, ðŸ¦”, ðŸ¥—, ðŸ‡, ðŸ¥•, P1, ðŸ¥•, ðŸ‡, ðŸ¥•, ðŸ], turn=0, players=[Hare(team=ONE, position=0, salads=5, carrots=68, lastAction=null, cards=[]), Hare(team=TWO, position=0, salads=5, carrots=68, lastAction=null, cards=[])], lastMove=null))
[35m17:47:19.241[0;39m [31mWARN  [XStream-Receive id:55 of Clien]  sc.networking.clients.XStreamClient[0;39m - Disconnecting with LOST_CONNECTION because of com.thoughtworks.xstream.io.StreamException: : Client@375ee5c9
com.thoughtworks.xstream.io.StreamException: 
	at com.thoughtworks.xstream.io.xml.XppReader.pullNextEvent(XppReader.java:126)
	at com.thoughtworks.xstream.io.xml.AbstractPullReader.readRealEvent(AbstractPullReader.java:148)
	at com.thoughtworks.xstream.io.xml.AbstractPullReader.readEvent(AbstractPullReader.java:135)
	at com.thoughtworks.xstream.io.xml.AbstractPullReader.hasMoreChildren(AbstractPullReader.java:87)
	at com.thoughtworks.xstream.XStream$4.readFromStream(XStream.java:2101)
	at com.thoughtworks.xstream.core.util.CustomObjectInputStream.readObjectOverride(CustomObjectInputStream.java:123)
	at java.base/java.io.ObjectInputStream.readObject(ObjectInputStream.java:519)
	at java.base/java.io.ObjectInputStream.readObject(ObjectInputStream.java:486)
	at sc.networking.clients.XStreamClient.receiveThread(XStreamClient.java:103)
	at sc.networking.clients.XStreamClient$1.run(XStreamClient.java:80)
	at java.base/java.lang.Thread.run(Thread.java:1575)
Caused by: java.net.SocketException: Connection reset
	at java.base/sun.nio.ch.NioSocketImpl.implRead(NioSocketImpl.java:318)
	at java.base/sun.nio.ch.NioSocketImpl.read(NioSocketImpl.java:346)
	at java.base/sun.nio.ch.NioSocketImpl$1.read(NioSocketImpl.java:796)
	at java.base/java.net.Socket$SocketInputStream.implRead(Socket.java:1116)
	at java.base/java.net.Socket$SocketInputStream.read(Socket.java:1103)
	at java.base/java.io.FilterInputStream.read(FilterInputStream.java:119)
	at java.base/java.io.PushbackInputStream.read(PushbackInputStream.java:197)
	at java.base/sun.nio.cs.StreamDecoder.readBytes(StreamDecoder.java:350)
	at java.base/sun.nio.cs.StreamDecoder.implRead(StreamDecoder.java:393)
	at java.base/sun.nio.cs.StreamDecoder.lockedRead(StreamDecoder.java:217)
	at java.base/sun.nio.cs.StreamDecoder.read(StreamDecoder.java:171)
	at java.base/java.io.InputStreamReader.read(InputStreamReader.java:190)
	at com.thoughtworks.xstream.core.util.XmlHeaderAwareReader.read(XmlHeaderAwareReader.java:223)
	at org.kxml2.io.KXmlParser.peek(Unknown Source)
	at org.kxml2.io.KXmlParser.peekType(Unknown Source)
	at org.kxml2.io.KXmlParser.nextImpl(Unknown Source)
	at org.kxml2.io.KXmlParser.next(Unknown Source)
	at com.thoughtworks.xstream.io.xml.XppReader.pullNextEvent(XppReader.java:109)
	... 10 common frames omitted
[35m17:47:19.244[0;39m [34mINFO  [XStream-Receive id:55 of Clien]  sc.networking.clients.XStreamClient[0;39m - Disconnected with LOST_CONNECTION: Client@375ee5c9
[35m17:47:19.244[0;39m [34mINFO  [XStream-Receive id:55 of Clien]      sc.server.network.ClientManager[0;39m - Removing client Client@375ee5c9 from client manager
[35m17:47:19.244[0;39m [34mINFO  [XStream-Receive id:55 of Clien]            sc.server.gaming.GameRoom[0;39m - Removing ONE() from sc.server.gaming.GameRoom@442167e6
[35m17:47:19.245[0;39m [34mINFO  [XStream-Receive id:55 of Clien]   sc.framework.plugins.TwoPlayerGame[0;39m - Stopping Game(players=[ONE()], gameState=GameState(board=Board[â–¶, ðŸ¥•, ðŸ¥•, ðŸ¥•, ðŸ‡, P1, ðŸ‡, ðŸ‡, ðŸ§º, P2, ðŸ¥—, ðŸ¦”, ðŸ‡, ðŸ¥•, ðŸ¥•, ðŸ¦”, P1, ðŸ§º, P2, ðŸ¦”, ðŸ¥•, ðŸ¥—, ðŸ¥•, P2, ðŸ¦”, ðŸ¥•, ðŸ‡, ðŸ§º, P2, ðŸ¥•, ðŸ¦”, ðŸ¥•, P2, P1, ðŸ‡, ðŸ‡, ðŸ¥•, ðŸ¦”, ðŸ¥•, ðŸ‡, ðŸ¥•, P2, ðŸ¥—, ðŸ¦”, P2, ðŸ¥•, ðŸ‡, ðŸ§º, P1, ðŸ¥•, ðŸ¦”, P2, ðŸ¥•, ðŸ¥•, ðŸ§º, ðŸ‡, ðŸ¦”, ðŸ¥—, ðŸ‡, ðŸ¥•, P1, ðŸ¥•, ðŸ‡, ðŸ¥•, ðŸ], turn=0, players=[Hare(team=ONE, position=0, salads=5, carrots=68, lastAction=null, cards=[]), Hare(team=TWO, position=0, salads=5, carrots=68, lastAction=null, cards=[])], lastMove=null))
[35m17:47:19.245[0;39m [34mINFO  [XStream-Receive id:55 of Clien]            sc.server.gaming.GameRoom[0;39m - Updating Status to OVER (was: CREATED)
[35m17:47:19.245[0;39m [34mINFO  [XStream-Receive id:55 of Clien]            sc.server.gaming.GameRoom[0;39m - Game(players=[ONE()], gameState=GameState(board=Board[â–¶, ðŸ¥•, ðŸ¥•, ðŸ¥•, ðŸ‡, P1, ðŸ‡, ðŸ‡, ðŸ§º, P2, ðŸ¥—, ðŸ¦”, ðŸ‡, ðŸ¥•, ðŸ¥•, ðŸ¦”, P1, ðŸ§º, P2, ðŸ¦”, ðŸ¥•, ðŸ¥—, ðŸ¥•, P2, ðŸ¦”, ðŸ¥•, ðŸ‡, ðŸ§º, P2, ðŸ¥•, ðŸ¦”, ðŸ¥•, P2, P1, ðŸ‡, ðŸ‡, ðŸ¥•, ðŸ¦”, ðŸ¥•, ðŸ‡, ðŸ¥•, P2, ðŸ¥—, ðŸ¦”, P2, ðŸ¥•, ðŸ‡, ðŸ§º, P1, ðŸ¥•, ðŸ¦”, P2, ðŸ¥•, ðŸ¥•, ðŸ§º, ðŸ‡, ðŸ¦”, ðŸ¥—, ðŸ‡, ðŸ¥•, P1, ðŸ¥•, ðŸ‡, ðŸ¥•, ðŸ], turn=0, players=[Hare(team=ONE, position=0, salads=5, carrots=68, lastAction=null, cards=[]), Hare(team=TWO, position=0, salads=5, carrots=68, lastAction=null, cards=[])], lastMove=null)) is over (regular=false)
[35m17:47:19.246[0;39m [31mWARN  [XStream-Receive id:55 of Clien]  sc.networking.clients.XStreamClient[0;39m - Writing on a closed Stream -> dropped the packet (tried to send package of type RoomPacket)
[35m17:47:19.258[0;39m [31mWARN  [XStream-Receive id:55 of Clien]  sc.networking.clients.XStreamClient[0;39m - Writing on a closed Stream -> dropped the packet (tried to send package of type RemovedFromGame)
[35m17:47:22.962[0;39m [39mDEBUG      [JavaFX Application Thread]      sc.gui.controller.AppController[0;39m - Requested View change from GAME_CREATION -> GAME_LOADING
[35m17:47:22.978[0;39m [34mINFO       [tornadofx-thread-1-daemon]  sc.networking.clients.XStreamClient[0;39m - Creating TCP Network for localhost:13050
[35m17:47:22.985[0;39m [34mINFO               [NewClientListener]  sc.server.network.NewClientListener[0;39m - Connecting a Client at Socket[addr=/127.0.0.1,port=63874,localport=13050]...
[35m17:47:22.988[0;39m [34mINFO               [NewClientListener]  sc.server.network.NewClientListener[0;39m - Added Client Client@5ee441df to ReadyQueue.
[35m17:47:22.988[0;39m [34mINFO                   [ClientManager]      sc.server.network.ClientManager[0;39m - Delegating new client to ClientManager...
[35m17:47:22.989[0;39m [34mINFO                   [ClientManager]      sc.server.network.ClientManager[0;39m - Delegation done
[35m17:47:22.990[0;39m [34mINFO  [XStream-Receive id:58 of Clien]             sc.server.network.Client[0;39m - Client authenticated as administrator
[35m17:47:22.990[0;39m [34mINFO       [tornadofx-thread-1-daemon]  sc.networking.clients.XStreamClient[0;39m - Creating TCP Network for localhost:13050
[35m17:47:22.992[0;39m [34mINFO               [NewClientListener]  sc.server.network.NewClientListener[0;39m - Connecting a Client at Socket[addr=/127.0.0.1,port=63875,localport=13050]...
[35m17:47:22.995[0;39m [34mINFO                   [ClientManager]      sc.server.network.ClientManager[0;39m - Delegating new client to ClientManager...
[35m17:47:22.995[0;39m [34mINFO               [NewClientListener]  sc.server.network.NewClientListener[0;39m - Added Client Client@3dd2a7d8 to ReadyQueue.
[35m17:47:22.995[0;39m [34mINFO                   [ClientManager]      sc.server.network.ClientManager[0;39m - Delegation done
[35m17:47:22.996[0;39m [39mDEBUG      [tornadofx-thread-1-daemon]                  sc.gui.LobbyManager[0;39m - Starting new game (paused: false, players: [Player(name=Spieler 1, client=sc.gui.controller.client.ExecClient@39cf7aa6 on localhost:13050 running 'C:\Users\erikd\Desktop\Work\Schule\Informatik\Java\out\production\Informatik\sc\player\util\Starter.class'), Player(name=Spieler 2, client=sc.gui.controller.client.GuiClient@175e610b type Mensch on localhost:13050)])
[35m17:47:23.003[0;39m [31mWARN  [XStream-Receive id:58 of Clien]            sc.server.gaming.GameRoom[0;39m - PAUSE is already false, dropping request
[35m17:47:23.011[0;39m [39mDEBUG [XStream-Receive id:57 of Lobby]  sc.gui.controller.client.ExecClient[0;39m - Starting 'C:\Users\erikd\Desktop\Work\Schule\Informatik\Java\out\production\Informatik\sc\player\util\Starter.class --host localhost --port 13050 --reservation 8c329c24-11ac-4a74-a917-848412285ac5'
[35m17:47:23.019[0;39m [31mWARN  [XStream-Receive id:58 of Clien]  sc.networking.clients.XStreamClient[0;39m - Disconnecting with LOST_CONNECTION because of java.io.EOFException: Client@5ee441df
java.io.EOFException: null
	at com.thoughtworks.xstream.XStream$4.readFromStream(XStream.java:2102)
	at com.thoughtworks.xstream.core.util.CustomObjectInputStream.readObjectOverride(CustomObjectInputStream.java:123)
	at java.base/java.io.ObjectInputStream.readObject(ObjectInputStream.java:519)
	at java.base/java.io.ObjectInputStream.readObject(ObjectInputStream.java:486)
	at sc.networking.clients.XStreamClient.receiveThread(XStreamClient.java:103)
	at sc.networking.clients.XStreamClient$1.run(XStreamClient.java:80)
	at java.base/java.lang.Thread.run(Thread.java:1575)
[35m17:47:23.019[0;39m [31mWARN  [XStream-Receive id:57 of Lobby]  sc.networking.clients.XStreamClient[0;39m - Disconnecting with LOST_CONNECTION because of java.io.IOException: Cannot run program "C:\Users\erikd\Desktop\Work\Schule\Informatik\Java\out\production\Informatik\sc\player\util\Starter.class": CreateProcess error=193, %1 is not a valid Win32 application: LobbyClient@24559fd4
java.io.IOException: Cannot run program "C:\Users\erikd\Desktop\Work\Schule\Informatik\Java\out\production\Informatik\sc\player\util\Starter.class": CreateProcess error=193, %1 is not a valid Win32 application
	at java.base/java.lang.ProcessBuilder.start(ProcessBuilder.java:1170)
	at java.base/java.lang.ProcessBuilder.start(ProcessBuilder.java:1089)
	at sc.gui.controller.client.ExecClient.startClient(ExecClient.kt:35)
	at sc.gui.controller.client.ExecClient.joinGameWithReservation(ExecClient.kt:18)
	at sc.gui.LobbyManager$accept$1.invoke(LobbyManager.kt:60)
	at sc.gui.LobbyManager$accept$1.invoke(LobbyManager.kt:52)
	at kotlin.collections.CollectionsKt__MutableCollectionsKt.filterInPlace$CollectionsKt__MutableCollectionsKt(MutableCollections.kt:224)
	at kotlin.collections.CollectionsKt__MutableCollectionsKt.removeAll(MutableCollections.kt:211)
	at sc.gui.LobbyManager.accept(LobbyManager.kt:52)
	at sc.gui.LobbyManager.accept(LobbyManager.kt:37)
	at sc.networking.clients.LobbyClient.onObject(LobbyClient.java:87)
	at sc.networking.clients.XStreamClient.receiveThread(XStreamClient.java:115)
	at sc.networking.clients.XStreamClient$1.run(XStreamClient.java:80)
	at java.base/java.lang.Thread.run(Thread.java:1575)
Caused by: java.io.IOException: CreateProcess error=193, %1 is not a valid Win32 application
	at java.base/java.lang.ProcessImpl.create(Native Method)
	at java.base/java.lang.ProcessImpl.<init>(ProcessImpl.java:500)
	at java.base/java.lang.ProcessImpl.start(ProcessImpl.java:159)
	at java.base/java.lang.ProcessBuilder.start(ProcessBuilder.java:1126)
	... 13 common frames omitted
[35m17:47:23.019[0;39m [34mINFO  [XStream-Receive id:58 of Clien]  sc.networking.clients.XStreamClient[0;39m - Disconnected with LOST_CONNECTION: Client@5ee441df
[35m17:47:23.019[0;39m [34mINFO  [XStream-Receive id:57 of Lobby]  sc.networking.clients.XStreamClient[0;39m - Disconnected with LOST_CONNECTION: LobbyClient@24559fd4
[35m17:47:23.020[0;39m [34mINFO  [XStream-Receive id:58 of Clien]      sc.server.network.ClientManager[0;39m - Removing client Client@5ee441df from client manager
[35m17:47:24.301[0;39m [39mDEBUG      [JavaFX Application Thread]                sc.gui.model.AppModel[0;39m - Saving Preferences
[35m17:47:24.302[0;39m [34mINFO       [JavaFX Application Thread]  sc.server.network.NewClientListener[0;39m - Shutting down NewClientListener...
[35m17:47:24.302[0;39m [39mDEBUG      [JavaFX Application Thread]                     sc.gui.ServerApp[0;39m - App stopped, ending program
