[35m00:14:12.259[0;39m [34mINFO                            [main]  sc.networking.clients.XStreamClient[0;39m - Creating TCP Network for localhost:13050
[35m00:14:14.438[0;39m [34mINFO  [XStream-Receive id:42 of Lobby]                      sc.player.Logic[0;39m - Zug: 0 Dran: ONE
[35m00:14:14.476[0;39m [34mINFO  [XStream-Receive id:42 of Lobby]                      sc.player.Logic[0;39m - Zug: 1 Dran: TWO
[35m00:14:14.495[0;39m [34mINFO  [XStream-Receive id:42 of Lobby]                      sc.player.Logic[0;39m - Es wurde ein Zug von TWO angefordert.
[35m00:14:14.507[0;39m [34mINFO  [XStream-Receive id:42 of Lobby]                      sc.player.Logic[0;39m - Sende Vorwärts um 2 mit Karten [Vorrücken] nach 12ms.
[35m00:14:15.423[0;39m [34mINFO  [XStream-Receive id:42 of Lobby]                      sc.player.Logic[0;39m - Zug: 2 Dran: ONE
[35m00:14:15.449[0;39m [34mINFO  [XStream-Receive id:42 of Lobby]                      sc.player.Logic[0;39m - Zug: 3 Dran: TWO
[35m00:14:15.466[0;39m [34mINFO  [XStream-Receive id:42 of Lobby]                      sc.player.Logic[0;39m - Es wurde ein Zug von TWO angefordert.
[35m00:14:15.466[0;39m [34mINFO  [XStream-Receive id:42 of Lobby]                      sc.player.Logic[0;39m - Sende Vorwärts um 3 nach 0ms.
[35m00:14:15.856[0;39m [34mINFO  [XStream-Receive id:42 of Lobby]                      sc.player.Logic[0;39m - Zug: 4 Dran: ONE
[35m00:14:15.883[0;39m [34mINFO  [XStream-Receive id:42 of Lobby]                      sc.player.Logic[0;39m - Zug: 5 Dran: TWO
[35m00:14:15.901[0;39m [34mINFO  [XStream-Receive id:42 of Lobby]                      sc.player.Logic[0;39m - Es wurde ein Zug von TWO angefordert.
[35m00:14:15.901[0;39m [34mINFO  [XStream-Receive id:42 of Lobby]                      sc.player.Logic[0;39m - Sende Karottenvorrat um 10 aendern nach 0ms.
[35m00:14:16.454[0;39m [34mINFO  [XStream-Receive id:42 of Lobby]                      sc.player.Logic[0;39m - Zug: 6 Dran: ONE
[35m00:14:16.478[0;39m [34mINFO  [XStream-Receive id:42 of Lobby]                      sc.player.Logic[0;39m - Zug: 7 Dran: TWO
[35m00:14:16.500[0;39m [34mINFO  [XStream-Receive id:42 of Lobby]                      sc.player.Logic[0;39m - Es wurde ein Zug von TWO angefordert.
[35m00:14:16.500[0;39m [34mINFO  [XStream-Receive id:42 of Lobby]                      sc.player.Logic[0;39m - Sende Vorwärts um 2 mit Karten [Salat fressen] nach 0ms.
[35m00:14:16.971[0;39m [34mINFO  [XStream-Receive id:42 of Lobby]                      sc.player.Logic[0;39m - Zug: 8 Dran: ONE
[35m00:14:17.000[0;39m [34mINFO  [XStream-Receive id:42 of Lobby]                      sc.player.Logic[0;39m - Zug: 9 Dran: TWO
[35m00:14:17.019[0;39m [34mINFO  [XStream-Receive id:42 of Lobby]                      sc.player.Logic[0;39m - Es wurde ein Zug von TWO angefordert.
[35m00:14:17.020[0;39m [34mINFO  [XStream-Receive id:42 of Lobby]                      sc.player.Logic[0;39m - Sende Karottenvorrat um 10 aendern nach 1ms.
[35m00:14:17.566[0;39m [34mINFO  [XStream-Receive id:42 of Lobby]                      sc.player.Logic[0;39m - Zug: 10 Dran: ONE
[35m00:14:17.590[0;39m [34mINFO  [XStream-Receive id:42 of Lobby]                      sc.player.Logic[0;39m - Zug: 11 Dran: TWO
[35m00:14:17.613[0;39m [34mINFO  [XStream-Receive id:42 of Lobby]                      sc.player.Logic[0;39m - Es wurde ein Zug von TWO angefordert.
[35m00:14:17.613[0;39m [34mINFO  [XStream-Receive id:42 of Lobby]                      sc.player.Logic[0;39m - Sende Vorwärts um 3 nach 0ms.
[35m00:14:18.299[0;39m [34mINFO  [XStream-Receive id:42 of Lobby]                      sc.player.Logic[0;39m - Zug: 12 Dran: ONE
[35m00:14:18.324[0;39m [34mINFO  [XStream-Receive id:42 of Lobby]                      sc.player.Logic[0;39m - Zug: 13 Dran: TWO
[35m00:14:18.346[0;39m [34mINFO  [XStream-Receive id:42 of Lobby]                      sc.player.Logic[0;39m - Es wurde ein Zug von TWO angefordert.
[35m00:14:18.346[0;39m [34mINFO  [XStream-Receive id:42 of Lobby]                      sc.player.Logic[0;39m - Sende Vorwärts um 11 nach 0ms.
[35m00:14:19.299[0;39m [34mINFO  [XStream-Receive id:42 of Lobby]                      sc.player.Logic[0;39m - Zug: 14 Dran: ONE
[35m00:14:19.324[0;39m [34mINFO  [XStream-Receive id:42 of Lobby]                      sc.player.Logic[0;39m - Zug: 15 Dran: TWO
[35m00:14:19.345[0;39m [34mINFO  [XStream-Receive id:42 of Lobby]                      sc.player.Logic[0;39m - Es wurde ein Zug von TWO angefordert.
[35m00:14:19.345[0;39m [34mINFO  [XStream-Receive id:42 of Lobby]                      sc.player.Logic[0;39m - Sende Vorwärts um 2 nach 0ms.
[35m00:14:20.030[0;39m [34mINFO  [XStream-Receive id:42 of Lobby]                      sc.player.Logic[0;39m - Zug: 16 Dran: ONE
[35m00:14:20.053[0;39m [34mINFO  [XStream-Receive id:42 of Lobby]                      sc.player.Logic[0;39m - Zug: 17 Dran: TWO
[35m00:14:20.076[0;39m [34mINFO  [XStream-Receive id:42 of Lobby]                      sc.player.Logic[0;39m - Es wurde ein Zug von TWO angefordert.
[35m00:14:20.076[0;39m [34mINFO  [XStream-Receive id:42 of Lobby]                      sc.player.Logic[0;39m - Sende Vorwärts um 5 nach 0ms.
[35m00:14:21.084[0;39m [34mINFO  [XStream-Receive id:42 of Lobby]                      sc.player.Logic[0;39m - Zug: 18 Dran: ONE
[35m00:14:21.107[0;39m [34mINFO  [XStream-Receive id:42 of Lobby]                      sc.player.Logic[0;39m - Zug: 19 Dran: TWO
[35m00:14:21.130[0;39m [34mINFO  [XStream-Receive id:42 of Lobby]                      sc.player.Logic[0;39m - Es wurde ein Zug von TWO angefordert.
[35m00:14:21.130[0;39m [34mINFO  [XStream-Receive id:42 of Lobby]                      sc.player.Logic[0;39m - Sende Vorwärts um 7 mit Karten [Zurückfallen] nach 0ms.
[35m00:14:22.001[0;39m [34mINFO  [XStream-Receive id:42 of Lobby]                      sc.player.Logic[0;39m - Zug: 20 Dran: ONE
[35m00:14:22.024[0;39m [34mINFO  [XStream-Receive id:42 of Lobby]                      sc.player.Logic[0;39m - Zug: 21 Dran: TWO
[35m00:14:22.046[0;39m [34mINFO  [XStream-Receive id:42 of Lobby]                      sc.player.Logic[0;39m - Es wurde ein Zug von TWO angefordert.
[35m00:14:22.046[0;39m [34mINFO  [XStream-Receive id:42 of Lobby]                      sc.player.Logic[0;39m - Sende Vorwärts um 2 nach 0ms.
[35m00:14:22.775[0;39m [34mINFO  [XStream-Receive id:42 of Lobby]                      sc.player.Logic[0;39m - Zug: 22 Dran: ONE
[35m00:14:22.798[0;39m [34mINFO  [XStream-Receive id:42 of Lobby]                      sc.player.Logic[0;39m - Zug: 23 Dran: TWO
[35m00:14:22.819[0;39m [34mINFO  [XStream-Receive id:42 of Lobby]                      sc.player.Logic[0;39m - Es wurde ein Zug von TWO angefordert.
[35m00:14:22.820[0;39m [34mINFO  [XStream-Receive id:42 of Lobby]                      sc.player.Logic[0;39m - Sende Zurückfallen nach 1ms.
[35m00:14:23.567[0;39m [34mINFO  [XStream-Receive id:42 of Lobby]                      sc.player.Logic[0;39m - Zug: 24 Dran: ONE
[35m00:14:23.590[0;39m [34mINFO  [XStream-Receive id:42 of Lobby]                      sc.player.Logic[0;39m - Zug: 25 Dran: TWO
[35m00:14:23.611[0;39m [34mINFO  [XStream-Receive id:42 of Lobby]                      sc.player.Logic[0;39m - Es wurde ein Zug von TWO angefordert.
[35m00:14:23.611[0;39m [34mINFO  [XStream-Receive id:42 of Lobby]                      sc.player.Logic[0;39m - Sende Vorwärts um 5 nach 0ms.
[35m00:14:24.342[0;39m [34mINFO  [XStream-Receive id:42 of Lobby]                      sc.player.Logic[0;39m - Zug: 26 Dran: ONE
[35m00:14:24.364[0;39m [34mINFO  [XStream-Receive id:42 of Lobby]                      sc.player.Logic[0;39m - Zug: 27 Dran: TWO
[35m00:14:24.386[0;39m [34mINFO  [XStream-Receive id:42 of Lobby]                      sc.player.Logic[0;39m - Es wurde ein Zug von TWO angefordert.
[35m00:14:24.386[0;39m [34mINFO  [XStream-Receive id:42 of Lobby]                      sc.player.Logic[0;39m - Sende Zurückfallen nach 0ms.
[35m00:14:25.097[0;39m [34mINFO  [XStream-Receive id:42 of Lobby]                      sc.player.Logic[0;39m - Zug: 28 Dran: ONE
[35m00:14:25.119[0;39m [34mINFO  [XStream-Receive id:42 of Lobby]                      sc.player.Logic[0;39m - Zug: 29 Dran: TWO
[35m00:14:25.140[0;39m [34mINFO  [XStream-Receive id:42 of Lobby]                      sc.player.Logic[0;39m - Es wurde ein Zug von TWO angefordert.
[35m00:14:25.140[0;39m [34mINFO  [XStream-Receive id:42 of Lobby]                      sc.player.Logic[0;39m - Sende Vorwärts um 3 nach 0ms.
[35m00:14:25.778[0;39m [34mINFO  [XStream-Receive id:42 of Lobby]                      sc.player.Logic[0;39m - Zug: 30 Dran: ONE
[35m00:14:25.801[0;39m [34mINFO  [XStream-Receive id:42 of Lobby]                      sc.player.Logic[0;39m - Zug: 31 Dran: TWO
[35m00:14:25.822[0;39m [34mINFO  [XStream-Receive id:42 of Lobby]                      sc.player.Logic[0;39m - Es wurde ein Zug von TWO angefordert.
[35m00:14:25.823[0;39m [34mINFO  [XStream-Receive id:42 of Lobby]                      sc.player.Logic[0;39m - Sende Vorwärts um 7 mit Karten [Vorrücken] nach 1ms.
[35m00:14:26.624[0;39m [34mINFO  [XStream-Receive id:42 of Lobby]                      sc.player.Logic[0;39m - Zug: 32 Dran: ONE
[35m00:14:26.649[0;39m [34mINFO  [XStream-Receive id:42 of Lobby]                      sc.player.Logic[0;39m - Zug: 33 Dran: TWO
[35m00:14:26.672[0;39m [34mINFO  [XStream-Receive id:42 of Lobby]                      sc.player.Logic[0;39m - Es wurde ein Zug von TWO angefordert.
[35m00:14:26.672[0;39m [34mINFO  [XStream-Receive id:42 of Lobby]                      sc.player.Logic[0;39m - Sende Vorwärts um 5 nach 0ms.
[35m00:14:27.624[0;39m [34mINFO  [XStream-Receive id:42 of Lobby]                      sc.player.Logic[0;39m - Zug: 34 Dran: ONE
[35m00:14:27.648[0;39m [34mINFO  [XStream-Receive id:42 of Lobby]                      sc.player.Logic[0;39m - Zug: 35 Dran: TWO
[35m00:14:27.668[0;39m [34mINFO  [XStream-Receive id:42 of Lobby]                      sc.player.Logic[0;39m - Es wurde ein Zug von TWO angefordert.
[35m00:14:27.669[0;39m [34mINFO  [XStream-Receive id:42 of Lobby]                      sc.player.Logic[0;39m - Sende Vorwärts um 6 nach 1ms.
[35m00:14:28.494[0;39m [34mINFO  [XStream-Receive id:42 of Lobby]                      sc.player.Logic[0;39m - Zug: 36 Dran: ONE
[35m00:14:28.517[0;39m [34mINFO  [XStream-Receive id:42 of Lobby]                      sc.player.Logic[0;39m - Zug: 37 Dran: TWO
[35m00:14:28.538[0;39m [34mINFO  [XStream-Receive id:42 of Lobby]                      sc.player.Logic[0;39m - Es wurde ein Zug von TWO angefordert.
[35m00:14:28.538[0;39m [34mINFO  [XStream-Receive id:42 of Lobby]                      sc.player.Logic[0;39m - Sende Vorwärts um 2 nach 0ms.
[35m00:14:28.888[0;39m [34mINFO  [XStream-Receive id:42 of Lobby]                      sc.player.Logic[0;39m - Zug: 38 Dran: ONE
[35m00:14:28.912[0;39m [34mINFO  [XStream-Receive id:42 of Lobby]                      sc.player.Logic[0;39m - Zug: 39 Dran: TWO
[35m00:14:28.934[0;39m [34mINFO  [XStream-Receive id:42 of Lobby]                      sc.player.Logic[0;39m - Es wurde ein Zug von TWO angefordert.
[35m00:14:28.935[0;39m [34mINFO  [XStream-Receive id:42 of Lobby]                      sc.player.Logic[0;39m - Sende Vorwärts um 5 nach 1ms.
[35m00:14:29.456[0;39m [34mINFO  [XStream-Receive id:42 of Lobby]                      sc.player.Logic[0;39m - Zug: 40 Dran: ONE
[35m00:14:29.478[0;39m [34mINFO  [XStream-Receive id:42 of Lobby]                      sc.player.Logic[0;39m - Zug: 41 Dran: TWO
[35m00:14:29.500[0;39m [34mINFO  [XStream-Receive id:42 of Lobby]                      sc.player.Logic[0;39m - Es wurde ein Zug von TWO angefordert.
[35m00:14:29.501[0;39m [34mINFO  [XStream-Receive id:42 of Lobby]                      sc.player.Logic[0;39m - Sende Karottenvorrat um -10 aendern nach 1ms.
[35m00:14:29.964[0;39m [34mINFO  [XStream-Receive id:42 of Lobby]                      sc.player.Logic[0;39m - Zug: 42 Dran: ONE
[35m00:14:29.988[0;39m [34mINFO  [XStream-Receive id:42 of Lobby]                      sc.player.Logic[0;39m - Zug: 43 Dran: TWO
[35m00:14:30.009[0;39m [34mINFO  [XStream-Receive id:42 of Lobby]                      sc.player.Logic[0;39m - Es wurde ein Zug von TWO angefordert.
[35m00:14:30.009[0;39m [34mINFO  [XStream-Receive id:42 of Lobby]                      sc.player.Logic[0;39m - Sende Zurückfallen nach 0ms.
[35m00:14:30.477[0;39m [34mINFO  [XStream-Receive id:42 of Lobby]                      sc.player.Logic[0;39m - Zug: 44 Dran: ONE
[35m00:14:30.500[0;39m [34mINFO  [XStream-Receive id:42 of Lobby]                      sc.player.Logic[0;39m - Zug: 45 Dran: TWO
[35m00:14:30.521[0;39m [34mINFO  [XStream-Receive id:42 of Lobby]                      sc.player.Logic[0;39m - Es wurde ein Zug von TWO angefordert.
[35m00:14:30.521[0;39m [34mINFO  [XStream-Receive id:42 of Lobby]                      sc.player.Logic[0;39m - Sende Zurückfallen nach 0ms.
[35m00:14:30.890[0;39m [34mINFO  [XStream-Receive id:42 of Lobby]                      sc.player.Logic[0;39m - Zug: 46 Dran: ONE
[35m00:14:30.940[0;39m [34mINFO  [XStream-Receive id:42 of Lobby]                      sc.player.Logic[0;39m - Das Spiel ist beendet, Ergebnis: GameResult(winner=Spieler 1 hat das Ziel zuerst erreicht., scores=[Spieler 1[Siegpunkte=2, Feldnummer=64, Karotten=1], Spieler 2[Siegpunkte=0, Feldnummer=55, Karotten=43]])
[35m00:14:30.940[0;39m [34mINFO  [XStream-Receive id:42 of Lobby]    sc.networking.clients.LobbyClient[0;39m - Received game result: GameResult(winner=Spieler 1 hat das Ziel zuerst erreicht., scores=[Spieler 1[Siegpunkte=2, Feldnummer=64, Karotten=1], Spieler 2[Siegpunkte=0, Feldnummer=55, Karotten=43]])
[35m00:14:30.941[0;39m [34mINFO  [XStream-Receive id:42 of Lobby]    sc.networking.clients.LobbyClient[0;39m - Left 796f1be5-dd37-436d-81ff-e6260bfdbba2
[35m00:14:30.942[0;39m [34mINFO  [XStream-Receive id:42 of Lobby]  sc.networking.clients.XStreamClient[0;39m - Stopping XStream-Receive id:42 of LobbyClient@5b3f61ff
[35m00:14:30.942[0;39m [31mWARN  [XStream-Receive id:42 of Lobby]  sc.networking.clients.XStreamClient[0;39m - ReceiveThread is stopping itself
[35m00:14:30.942[0;39m [34mINFO  [XStream-Receive id:42 of Lobby]  sc.networking.clients.XStreamClient[0;39m - Disconnected with INITIATED_DISCONNECT: LobbyClient@5b3f61ff
