[35m23:54:29.461[0;39m [34mINFO                            [main]  sc.networking.clients.XStreamClient[0;39m - Creating TCP Network for localhost:13050
[35m23:54:31.750[0;39m [34mINFO  [XStream-Receive id:42 of Lobby]                      sc.player.Logic[0;39m - Zug: 0 Dran: ONE
[35m23:54:31.827[0;39m [34mINFO  [XStream-Receive id:42 of Lobby]                      sc.player.Logic[0;39m - Zug: 1 Dran: TWO
[35m23:54:31.874[0;39m [34mINFO  [XStream-Receive id:42 of Lobby]                      sc.player.Logic[0;39m - Es wurde ein Zug von TWO angefordert.
[35m23:54:31.883[0;39m [34mINFO  [XStream-Receive id:42 of Lobby]                      sc.player.Logic[0;39m - Sende Vorwärts um 9 nach 9ms.
[35m23:54:31.927[0;39m [34mINFO  [XStream-Receive id:42 of Lobby]                      sc.player.Logic[0;39m - Zug: 2 Dran: ONE
[35m23:54:31.989[0;39m [34mINFO  [XStream-Receive id:42 of Lobby]                      sc.player.Logic[0;39m - Zug: 3 Dran: TWO
[35m23:54:32.045[0;39m [34mINFO  [XStream-Receive id:42 of Lobby]                      sc.player.Logic[0;39m - Es wurde ein Zug von TWO angefordert.
[35m23:54:32.045[0;39m [34mINFO  [XStream-Receive id:42 of Lobby]                      sc.player.Logic[0;39m - Sende Vorwärts um 4 nach 0ms.
[35m23:54:32.054[0;39m [34mINFO  [XStream-Receive id:42 of Lobby]                      sc.player.Logic[0;39m - Zug: 4 Dran: ONE
[35m23:54:32.117[0;39m [34mINFO  [XStream-Receive id:42 of Lobby]                      sc.player.Logic[0;39m - Zug: 5 Dran: TWO
[35m23:54:32.173[0;39m [34mINFO  [XStream-Receive id:42 of Lobby]                      sc.player.Logic[0;39m - Es wurde ein Zug von TWO angefordert.
[35m23:54:32.174[0;39m [34mINFO  [XStream-Receive id:42 of Lobby]                      sc.player.Logic[0;39m - Sende Vorwärts um 11 nach 1ms.
[35m23:54:32.186[0;39m [34mINFO  [XStream-Receive id:42 of Lobby]                      sc.player.Logic[0;39m - Zug: 6 Dran: ONE
[35m23:54:32.249[0;39m [34mINFO  [XStream-Receive id:42 of Lobby]                      sc.player.Logic[0;39m - Zug: 7 Dran: TWO
[35m23:54:32.310[0;39m [34mINFO  [XStream-Receive id:42 of Lobby]                      sc.player.Logic[0;39m - Es wurde ein Zug von TWO angefordert.
[35m23:54:32.311[0;39m [34mINFO  [XStream-Receive id:42 of Lobby]                      sc.player.Logic[0;39m - Sende Vorwärts um 8 nach 1ms.
[35m23:54:32.344[0;39m [34mINFO  [XStream-Receive id:42 of Lobby]                      sc.player.Logic[0;39m - Zug: 8 Dran: ONE
[35m23:54:32.408[0;39m [34mINFO  [XStream-Receive id:42 of Lobby]                      sc.player.Logic[0;39m - Zug: 9 Dran: TWO
[35m23:54:32.465[0;39m [34mINFO  [XStream-Receive id:42 of Lobby]                      sc.player.Logic[0;39m - Es wurde ein Zug von TWO angefordert.
[35m23:54:32.465[0;39m [34mINFO  [XStream-Receive id:42 of Lobby]                      sc.player.Logic[0;39m - Sende Vorwärts um 2 nach 0ms.
[35m23:54:32.475[0;39m [34mINFO  [XStream-Receive id:42 of Lobby]                      sc.player.Logic[0;39m - Zug: 10 Dran: ONE
[35m23:54:32.545[0;39m [34mINFO  [XStream-Receive id:42 of Lobby]                      sc.player.Logic[0;39m - Zug: 11 Dran: TWO
[35m23:54:32.601[0;39m [34mINFO  [XStream-Receive id:42 of Lobby]                      sc.player.Logic[0;39m - Es wurde ein Zug von TWO angefordert.
[35m23:54:32.602[0;39m [34mINFO  [XStream-Receive id:42 of Lobby]                      sc.player.Logic[0;39m - Sende Vorwärts um 2 nach 1ms.
[35m23:54:32.618[0;39m [34mINFO  [XStream-Receive id:42 of Lobby]                      sc.player.Logic[0;39m - Zug: 12 Dran: ONE
[35m23:54:32.699[0;39m [34mINFO  [XStream-Receive id:42 of Lobby]                      sc.player.Logic[0;39m - Zug: 13 Dran: TWO
[35m23:54:32.746[0;39m [34mINFO  [XStream-Receive id:42 of Lobby]                      sc.player.Logic[0;39m - Es wurde ein Zug von TWO angefordert.
[35m23:54:32.746[0;39m [34mINFO  [XStream-Receive id:42 of Lobby]                      sc.player.Logic[0;39m - Sende Vorwärts um 8 mit Karten [Karotten tauschen] nach 0ms.
[35m23:54:32.775[0;39m [34mINFO  [XStream-Receive id:42 of Lobby]                      sc.player.Logic[0;39m - Zug: 14 Dran: ONE
[35m23:54:32.841[0;39m [34mINFO  [XStream-Receive id:42 of Lobby]                      sc.player.Logic[0;39m - Zug: 15 Dran: TWO
[35m23:54:32.898[0;39m [34mINFO  [XStream-Receive id:42 of Lobby]                      sc.player.Logic[0;39m - Es wurde ein Zug von TWO angefordert.
[35m23:54:32.898[0;39m [34mINFO  [XStream-Receive id:42 of Lobby]                      sc.player.Logic[0;39m - Sende Salat fressen nach 0ms.
[35m23:54:32.899[0;39m [1;31mERROR [XStream-Receive id:42 of Lobby]  sc.networking.clients.XStreamClient[0;39m - Unknown Communication Error
java.util.NoSuchElementException: null
	at java.base/java.util.List.getFirst(List.java:823)
	at sc.player.Calculations.GetBestMove(Calculations.java:57)
	at sc.player.Logic.calculateMove(Logic.java:58)
	at sc.player.Logic.calculateMove(Logic.java:28)
	at sc.player.PlayerClient.apply(PlayerClient.kt:31)
	at sc.player.PlayerClient.apply(PlayerClient.kt:24)
	at sc.networking.clients.LobbyClient.onObject(LobbyClient.java:94)
	at sc.networking.clients.XStreamClient.receiveThread(XStreamClient.java:115)
	at sc.networking.clients.XStreamClient$1.run(XStreamClient.java:80)
	at java.base/java.lang.Thread.run(Thread.java:1575)
[35m23:54:32.901[0;39m [31mWARN  [XStream-Receive id:42 of Lobby]  sc.networking.clients.XStreamClient[0;39m - Disconnecting with UNKNOWN because of java.util.NoSuchElementException: LobbyClient@11bb571c
java.util.NoSuchElementException: null
	at java.base/java.util.List.getFirst(List.java:823)
	at sc.player.Calculations.GetBestMove(Calculations.java:57)
	at sc.player.Logic.calculateMove(Logic.java:58)
	at sc.player.Logic.calculateMove(Logic.java:28)
	at sc.player.PlayerClient.apply(PlayerClient.kt:31)
	at sc.player.PlayerClient.apply(PlayerClient.kt:24)
	at sc.networking.clients.LobbyClient.onObject(LobbyClient.java:94)
	at sc.networking.clients.XStreamClient.receiveThread(XStreamClient.java:115)
	at sc.networking.clients.XStreamClient$1.run(XStreamClient.java:80)
	at java.base/java.lang.Thread.run(Thread.java:1575)
[35m23:54:32.903[0;39m [34mINFO  [XStream-Receive id:42 of Lobby]  sc.networking.clients.XStreamClient[0;39m - Disconnected with UNKNOWN: LobbyClient@11bb571c
