[35m23:52:54.840[0;39m [31mWARN       [JavaFX Application Thread]              sc.server.Configuration[0;39m - Could not find server.properties at C:\Users\erikd\Desktop\Work\Schule\Informatik\Java\server.properties, will use default values!
[35m23:52:54.849[0;39m [1;31mERROR      [JavaFX Application Thread]  sc.server.network.NewClientListener[0;39m - Could not start server on port 13050
java.net.BindException: Address already in use: bind
	at java.base/sun.nio.ch.Net.bind0(Native Method)
	at java.base/sun.nio.ch.Net.bind(Net.java:565)
	at java.base/sun.nio.ch.Net.bind(Net.java:554)
	at java.base/sun.nio.ch.NioSocketImpl.bind(NioSocketImpl.java:636)
	at java.base/java.net.ServerSocket.bind(ServerSocket.java:389)
	at java.base/java.net.ServerSocket.<init>(ServerSocket.java:276)
	at sc.server.network.NewClientListener.startSocketListener(NewClientListener.java:100)
	at sc.server.network.NewClientListener.start(NewClientListener.java:80)
	at sc.server.network.ClientManager.start(ClientManager.kt:69)
	at sc.server.Lobby.start(Lobby.kt:22)
	at sc.gui.controller.ServerController.startServer(ServerController.kt:21)
	at sc.gui.ServerApp.<init>(GuiApp.kt:36)
	at sc.gui.GuiApp.<init>(GuiApp.kt:43)
	at java.base/jdk.internal.reflect.DirectConstructorHandleAccessor.newInstance(DirectConstructorHandleAccessor.java:62)
	at java.base/java.lang.reflect.Constructor.newInstanceWithCaller(Constructor.java:501)
	at java.base/java.lang.reflect.Constructor.newInstance(Constructor.java:485)
	at com.sun.javafx.application.LauncherImpl.lambda$launchApplication1$8(LauncherImpl.java:803)
	at com.sun.javafx.application.PlatformImpl.lambda$runAndWait$12(PlatformImpl.java:484)
	at com.sun.javafx.application.PlatformImpl.lambda$runLater$10(PlatformImpl.java:457)
	at java.base/java.security.AccessController.doPrivileged(AccessController.java:400)
	at com.sun.javafx.application.PlatformImpl.lambda$runLater$11(PlatformImpl.java:456)
	at com.sun.glass.ui.InvokeLaterDispatcher$Future.run(InvokeLaterDispatcher.java:96)
	at com.sun.glass.ui.win.WinApplication._runLoop(Native Method)
	at com.sun.glass.ui.win.WinApplication.lambda$runLoop$3(WinApplication.java:184)
	at java.base/java.lang.Thread.run(Thread.java:1575)
