[35m00:12:11.520[0;39m [34mINFO                            [main]  sc.networking.clients.XStreamClient[0;39m - Creating TCP Network for localhost:13050
[35m00:12:13.156[0;39m [34mINFO  [XStream-Receive id:42 of Lobby]                      sc.player.Logic[0;39m - Zug: 0 Dran: ONE
[35m00:12:13.191[0;39m [34mINFO  [XStream-Receive id:42 of Lobby]                      sc.player.Logic[0;39m - Zug: 1 Dran: TWO
[35m00:12:13.204[0;39m [34mINFO  [XStream-Receive id:42 of Lobby]                      sc.player.Logic[0;39m - Es wurde ein Zug von TWO angefordert.
[35m00:12:13.213[0;39m [34mINFO  [XStream-Receive id:42 of Lobby]                      sc.player.Logic[0;39m - Sende Vorwärts um 4 nach 9ms.
[35m00:12:14.114[0;39m [34mINFO  [XStream-Receive id:42 of Lobby]                      sc.player.Logic[0;39m - Zug: 2 Dran: ONE
[35m00:12:14.133[0;39m [34mINFO  [XStream-Receive id:42 of Lobby]                      sc.player.Logic[0;39m - Zug: 3 Dran: TWO
[35m00:12:14.149[0;39m [34mINFO  [XStream-Receive id:42 of Lobby]                      sc.player.Logic[0;39m - Es wurde ein Zug von TWO angefordert.
[35m00:12:14.149[0;39m [34mINFO  [XStream-Receive id:42 of Lobby]                      sc.player.Logic[0;39m - Sende Vorwärts um 2 nach 0ms.
[35m00:12:14.628[0;39m [34mINFO  [XStream-Receive id:42 of Lobby]                      sc.player.Logic[0;39m - Zug: 4 Dran: ONE
[35m00:12:14.649[0;39m [34mINFO  [XStream-Receive id:42 of Lobby]                      sc.player.Logic[0;39m - Zug: 5 Dran: TWO
[35m00:12:14.663[0;39m [34mINFO  [XStream-Receive id:42 of Lobby]                      sc.player.Logic[0;39m - Es wurde ein Zug von TWO angefordert.
[35m00:12:14.664[0;39m [34mINFO  [XStream-Receive id:42 of Lobby]                      sc.player.Logic[0;39m - Sende Vorwärts um 7 mit Karten [Karotten tauschen] nach 1ms.
[35m00:12:15.186[0;39m [34mINFO  [XStream-Receive id:42 of Lobby]                      sc.player.Logic[0;39m - Zug: 6 Dran: ONE
[35m00:12:15.206[0;39m [34mINFO  [XStream-Receive id:42 of Lobby]                      sc.player.Logic[0;39m - Zug: 7 Dran: TWO
[35m00:12:15.223[0;39m [34mINFO  [XStream-Receive id:42 of Lobby]                      sc.player.Logic[0;39m - Es wurde ein Zug von TWO angefordert.
[35m00:12:15.223[0;39m [34mINFO  [XStream-Receive id:42 of Lobby]                      sc.player.Logic[0;39m - Sende Zurückfallen nach 0ms.
[35m00:12:15.849[0;39m [34mINFO  [XStream-Receive id:42 of Lobby]                      sc.player.Logic[0;39m - Zug: 8 Dran: ONE
[35m00:12:15.867[0;39m [34mINFO  [XStream-Receive id:42 of Lobby]                      sc.player.Logic[0;39m - Zug: 9 Dran: TWO
[35m00:12:15.881[0;39m [34mINFO  [XStream-Receive id:42 of Lobby]                      sc.player.Logic[0;39m - Es wurde ein Zug von TWO angefordert.
[35m00:12:15.881[0;39m [34mINFO  [XStream-Receive id:42 of Lobby]                      sc.player.Logic[0;39m - Sende Zurückfallen nach 0ms.
[35m00:12:16.521[0;39m [34mINFO  [XStream-Receive id:42 of Lobby]                      sc.player.Logic[0;39m - Zug: 10 Dran: ONE
[35m00:12:16.538[0;39m [34mINFO  [XStream-Receive id:42 of Lobby]                      sc.player.Logic[0;39m - Zug: 11 Dran: TWO
[35m00:12:16.551[0;39m [34mINFO  [XStream-Receive id:42 of Lobby]                      sc.player.Logic[0;39m - Es wurde ein Zug von TWO angefordert.
[35m00:12:16.552[0;39m [34mINFO  [XStream-Receive id:42 of Lobby]                      sc.player.Logic[0;39m - Sende Zurückfallen nach 1ms.
[35m00:12:17.193[0;39m [34mINFO  [XStream-Receive id:42 of Lobby]                      sc.player.Logic[0;39m - Zug: 12 Dran: ONE
[35m00:12:17.211[0;39m [34mINFO  [XStream-Receive id:42 of Lobby]                      sc.player.Logic[0;39m - Zug: 13 Dran: TWO
[35m00:12:17.226[0;39m [34mINFO  [XStream-Receive id:42 of Lobby]                      sc.player.Logic[0;39m - Es wurde ein Zug von TWO angefordert.
[35m00:12:17.227[0;39m [34mINFO  [XStream-Receive id:42 of Lobby]                      sc.player.Logic[0;39m - Sende Karottenvorrat um 10 aendern nach 1ms.
[35m00:12:18.001[0;39m [34mINFO  [XStream-Receive id:42 of Lobby]                      sc.player.Logic[0;39m - Zug: 14 Dran: ONE
[35m00:12:18.021[0;39m [34mINFO  [XStream-Receive id:42 of Lobby]                      sc.player.Logic[0;39m - Zug: 15 Dran: TWO
[35m00:12:18.035[0;39m [34mINFO  [XStream-Receive id:42 of Lobby]                      sc.player.Logic[0;39m - Es wurde ein Zug von TWO angefordert.
[35m00:12:18.036[0;39m [34mINFO  [XStream-Receive id:42 of Lobby]                      sc.player.Logic[0;39m - Sende Zurückfallen nach 1ms.
[35m00:12:18.989[0;39m [34mINFO  [XStream-Receive id:42 of Lobby]                      sc.player.Logic[0;39m - Zug: 16 Dran: ONE
[35m00:12:19.006[0;39m [34mINFO  [XStream-Receive id:42 of Lobby]                      sc.player.Logic[0;39m - Zug: 17 Dran: TWO
[35m00:12:19.020[0;39m [34mINFO  [XStream-Receive id:42 of Lobby]                      sc.player.Logic[0;39m - Es wurde ein Zug von TWO angefordert.
[35m00:12:19.020[0;39m [34mINFO  [XStream-Receive id:42 of Lobby]                      sc.player.Logic[0;39m - Sende Zurückfallen nach 0ms.
[35m00:12:20.037[0;39m [34mINFO  [XStream-Receive id:42 of Lobby]                      sc.player.Logic[0;39m - Zug: 18 Dran: ONE
[35m00:12:20.057[0;39m [34mINFO  [XStream-Receive id:42 of Lobby]                      sc.player.Logic[0;39m - Zug: 19 Dran: TWO
[35m00:12:20.073[0;39m [34mINFO  [XStream-Receive id:42 of Lobby]                      sc.player.Logic[0;39m - Es wurde ein Zug von TWO angefordert.
[35m00:12:20.073[0;39m [34mINFO  [XStream-Receive id:42 of Lobby]                      sc.player.Logic[0;39m - Sende Zurückfallen nach 0ms.
[35m00:12:20.807[0;39m [34mINFO  [XStream-Receive id:42 of Lobby]                      sc.player.Logic[0;39m - Zug: 20 Dran: ONE
[35m00:12:20.824[0;39m [34mINFO  [XStream-Receive id:42 of Lobby]                      sc.player.Logic[0;39m - Zug: 21 Dran: TWO
[35m00:12:20.840[0;39m [34mINFO  [XStream-Receive id:42 of Lobby]                      sc.player.Logic[0;39m - Es wurde ein Zug von TWO angefordert.
[35m00:12:20.840[0;39m [34mINFO  [XStream-Receive id:42 of Lobby]                      sc.player.Logic[0;39m - Sende Zurückfallen nach 0ms.
[35m00:12:21.696[0;39m [34mINFO  [XStream-Receive id:42 of Lobby]                      sc.player.Logic[0;39m - Zug: 22 Dran: ONE
[35m00:12:21.713[0;39m [34mINFO  [XStream-Receive id:42 of Lobby]                      sc.player.Logic[0;39m - Zug: 23 Dran: TWO
[35m00:12:21.728[0;39m [34mINFO  [XStream-Receive id:42 of Lobby]                      sc.player.Logic[0;39m - Es wurde ein Zug von TWO angefordert.
[35m00:12:21.728[0;39m [34mINFO  [XStream-Receive id:42 of Lobby]                      sc.player.Logic[0;39m - Sende Vorwärts um 1 nach 0ms.
[35m00:12:22.604[0;39m [34mINFO  [XStream-Receive id:42 of Lobby]                      sc.player.Logic[0;39m - Zug: 24 Dran: ONE
[35m00:12:22.621[0;39m [34mINFO  [XStream-Receive id:42 of Lobby]                      sc.player.Logic[0;39m - Zug: 25 Dran: TWO
[35m00:12:22.635[0;39m [34mINFO  [XStream-Receive id:42 of Lobby]                      sc.player.Logic[0;39m - Es wurde ein Zug von TWO angefordert.
[35m00:12:22.635[0;39m [34mINFO  [XStream-Receive id:42 of Lobby]                      sc.player.Logic[0;39m - Sende Vorwärts um 4 nach 0ms.
[35m00:12:23.743[0;39m [34mINFO  [XStream-Receive id:42 of Lobby]                      sc.player.Logic[0;39m - Zug: 26 Dran: ONE
[35m00:12:23.760[0;39m [34mINFO  [XStream-Receive id:42 of Lobby]                      sc.player.Logic[0;39m - Zug: 27 Dran: TWO
[35m00:12:23.776[0;39m [34mINFO  [XStream-Receive id:42 of Lobby]                      sc.player.Logic[0;39m - Es wurde ein Zug von TWO angefordert.
[35m00:12:23.776[0;39m [34mINFO  [XStream-Receive id:42 of Lobby]                      sc.player.Logic[0;39m - Sende Zurückfallen nach 0ms.
[35m00:12:25.515[0;39m [34mINFO  [XStream-Receive id:42 of Lobby]                      sc.player.Logic[0;39m - Zug: 28 Dran: ONE
[35m00:12:25.532[0;39m [34mINFO  [XStream-Receive id:42 of Lobby]                      sc.player.Logic[0;39m - Zug: 29 Dran: TWO
[35m00:12:25.546[0;39m [34mINFO  [XStream-Receive id:42 of Lobby]                      sc.player.Logic[0;39m - Es wurde ein Zug von TWO angefordert.
[35m00:12:25.547[0;39m [34mINFO  [XStream-Receive id:42 of Lobby]                      sc.player.Logic[0;39m - Sende Vorwärts um 11 nach 1ms.
[35m00:12:27.072[0;39m [34mINFO  [XStream-Receive id:42 of Lobby]                      sc.player.Logic[0;39m - Zug: 30 Dran: ONE
[35m00:12:27.088[0;39m [34mINFO  [XStream-Receive id:42 of Lobby]                      sc.player.Logic[0;39m - Zug: 31 Dran: TWO
[35m00:12:27.103[0;39m [34mINFO  [XStream-Receive id:42 of Lobby]                      sc.player.Logic[0;39m - Es wurde ein Zug von TWO angefordert.
[35m00:12:27.103[0;39m [34mINFO  [XStream-Receive id:42 of Lobby]                      sc.player.Logic[0;39m - Sende Zurückfallen nach 0ms.
[35m00:12:28.688[0;39m [34mINFO  [XStream-Receive id:42 of Lobby]                      sc.player.Logic[0;39m - Zug: 32 Dran: ONE
[35m00:12:28.707[0;39m [34mINFO  [XStream-Receive id:42 of Lobby]                      sc.player.Logic[0;39m - Zug: 33 Dran: TWO
[35m00:12:28.723[0;39m [34mINFO  [XStream-Receive id:42 of Lobby]                      sc.player.Logic[0;39m - Es wurde ein Zug von TWO angefordert.
[35m00:12:28.723[0;39m [34mINFO  [XStream-Receive id:42 of Lobby]                      sc.player.Logic[0;39m - Sende Vorwärts um 2 nach 0ms.
[35m00:12:30.431[0;39m [34mINFO  [XStream-Receive id:42 of Lobby]                      sc.player.Logic[0;39m - Zug: 34 Dran: ONE
[35m00:12:30.451[0;39m [34mINFO  [XStream-Receive id:42 of Lobby]                      sc.player.Logic[0;39m - Zug: 35 Dran: TWO
[35m00:12:30.466[0;39m [34mINFO  [XStream-Receive id:42 of Lobby]                      sc.player.Logic[0;39m - Es wurde ein Zug von TWO angefordert.
[35m00:12:30.466[0;39m [34mINFO  [XStream-Receive id:42 of Lobby]                      sc.player.Logic[0;39m - Sende Karottenvorrat um -10 aendern nach 0ms.
[35m00:12:31.992[0;39m [34mINFO  [XStream-Receive id:42 of Lobby]                      sc.player.Logic[0;39m - Zug: 36 Dran: ONE
[35m00:12:32.011[0;39m [34mINFO  [XStream-Receive id:42 of Lobby]                      sc.player.Logic[0;39m - Zug: 37 Dran: TWO
[35m00:12:32.027[0;39m [34mINFO  [XStream-Receive id:42 of Lobby]                      sc.player.Logic[0;39m - Es wurde ein Zug von TWO angefordert.
[35m00:12:32.028[0;39m [34mINFO  [XStream-Receive id:42 of Lobby]                      sc.player.Logic[0;39m - Sende Zurückfallen nach 0ms.
[35m00:12:33.550[0;39m [34mINFO  [XStream-Receive id:42 of Lobby]                      sc.player.Logic[0;39m - Zug: 38 Dran: ONE
[35m00:12:33.568[0;39m [34mINFO  [XStream-Receive id:42 of Lobby]                      sc.player.Logic[0;39m - Zug: 39 Dran: TWO
[35m00:12:33.584[0;39m [34mINFO  [XStream-Receive id:42 of Lobby]                      sc.player.Logic[0;39m - Es wurde ein Zug von TWO angefordert.
[35m00:12:33.584[0;39m [34mINFO  [XStream-Receive id:42 of Lobby]                      sc.player.Logic[0;39m - Sende Karottenvorrat um -10 aendern nach 0ms.
[35m00:12:34.980[0;39m [34mINFO  [XStream-Receive id:42 of Lobby]                      sc.player.Logic[0;39m - Zug: 40 Dran: ONE
[35m00:12:34.998[0;39m [34mINFO  [XStream-Receive id:42 of Lobby]                      sc.player.Logic[0;39m - Zug: 41 Dran: TWO
[35m00:12:35.013[0;39m [34mINFO  [XStream-Receive id:42 of Lobby]                      sc.player.Logic[0;39m - Es wurde ein Zug von TWO angefordert.
[35m00:12:35.013[0;39m [34mINFO  [XStream-Receive id:42 of Lobby]                      sc.player.Logic[0;39m - Sende Zurückfallen nach 0ms.
[35m00:12:35.824[0;39m [34mINFO  [XStream-Receive id:42 of Lobby]                      sc.player.Logic[0;39m - Zug: 42 Dran: ONE
[35m00:12:35.843[0;39m [34mINFO  [XStream-Receive id:42 of Lobby]                      sc.player.Logic[0;39m - Zug: 43 Dran: TWO
[35m00:12:35.859[0;39m [34mINFO  [XStream-Receive id:42 of Lobby]                      sc.player.Logic[0;39m - Es wurde ein Zug von TWO angefordert.
[35m00:12:35.859[0;39m [34mINFO  [XStream-Receive id:42 of Lobby]                      sc.player.Logic[0;39m - Sende Vorwärts um 2 mit Karten [Karotten tauschen] nach 0ms.
[35m00:12:36.573[0;39m [34mINFO  [XStream-Receive id:42 of Lobby]                      sc.player.Logic[0;39m - Zug: 44 Dran: ONE
[35m00:12:36.592[0;39m [34mINFO  [XStream-Receive id:42 of Lobby]                      sc.player.Logic[0;39m - Zug: 45 Dran: TWO
[35m00:12:36.607[0;39m [34mINFO  [XStream-Receive id:42 of Lobby]                      sc.player.Logic[0;39m - Es wurde ein Zug von TWO angefordert.
[35m00:12:36.607[0;39m [34mINFO  [XStream-Receive id:42 of Lobby]                      sc.player.Logic[0;39m - Sende Vorwärts um 3 mit Karten [Zurückfallen] nach 0ms.
[35m00:12:37.274[0;39m [34mINFO  [XStream-Receive id:42 of Lobby]                      sc.player.Logic[0;39m - Zug: 46 Dran: ONE
[35m00:12:37.292[0;39m [34mINFO  [XStream-Receive id:42 of Lobby]                      sc.player.Logic[0;39m - Zug: 47 Dran: TWO
[35m00:12:37.308[0;39m [34mINFO  [XStream-Receive id:42 of Lobby]                      sc.player.Logic[0;39m - Es wurde ein Zug von TWO angefordert.
[35m00:12:37.308[0;39m [34mINFO  [XStream-Receive id:42 of Lobby]                      sc.player.Logic[0;39m - Sende Vorwärts um 3 mit Karten [Karotten tauschen] nach 0ms.
[35m00:12:37.859[0;39m [34mINFO  [XStream-Receive id:42 of Lobby]                      sc.player.Logic[0;39m - Zug: 48 Dran: ONE
[35m00:12:37.878[0;39m [34mINFO  [XStream-Receive id:42 of Lobby]                      sc.player.Logic[0;39m - Zug: 49 Dran: TWO
[35m00:12:37.893[0;39m [34mINFO  [XStream-Receive id:42 of Lobby]                      sc.player.Logic[0;39m - Es wurde ein Zug von TWO angefordert.
[35m00:12:37.893[0;39m [34mINFO  [XStream-Receive id:42 of Lobby]                      sc.player.Logic[0;39m - Sende Vorwärts um 1 nach 0ms.
[35m00:12:38.443[0;39m [34mINFO  [XStream-Receive id:42 of Lobby]                      sc.player.Logic[0;39m - Zug: 50 Dran: ONE
[35m00:12:38.461[0;39m [34mINFO  [XStream-Receive id:42 of Lobby]                      sc.player.Logic[0;39m - Zug: 51 Dran: TWO
[35m00:12:38.478[0;39m [34mINFO  [XStream-Receive id:42 of Lobby]                      sc.player.Logic[0;39m - Es wurde ein Zug von TWO angefordert.
[35m00:12:38.478[0;39m [34mINFO  [XStream-Receive id:42 of Lobby]                      sc.player.Logic[0;39m - Sende Vorwärts um 5 nach 0ms.
[35m00:12:38.794[0;39m [34mINFO  [XStream-Receive id:42 of Lobby]                      sc.player.Logic[0;39m - Zug: 52 Dran: ONE
[35m00:12:38.812[0;39m [34mINFO  [XStream-Receive id:42 of Lobby]                      sc.player.Logic[0;39m - Zug: 53 Dran: TWO
[35m00:12:38.829[0;39m [34mINFO  [XStream-Receive id:42 of Lobby]                      sc.player.Logic[0;39m - Es wurde ein Zug von TWO angefordert.
[35m00:12:38.829[0;39m [34mINFO  [XStream-Receive id:42 of Lobby]                      sc.player.Logic[0;39m - Sende Vorwärts um 3 nach 0ms.
[35m00:12:39.051[0;39m [34mINFO  [XStream-Receive id:42 of Lobby]                      sc.player.Logic[0;39m - Zug: 54 Dran: ONE
[35m00:12:39.071[0;39m [34mINFO  [XStream-Receive id:42 of Lobby]                      sc.player.Logic[0;39m - Zug: 55 Dran: TWO
[35m00:12:39.089[0;39m [34mINFO  [XStream-Receive id:42 of Lobby]                      sc.player.Logic[0;39m - Es wurde ein Zug von TWO angefordert.
[35m00:12:39.089[0;39m [34mINFO  [XStream-Receive id:42 of Lobby]                      sc.player.Logic[0;39m - Sende Vorwärts um 5 nach 0ms.
[35m00:12:39.279[0;39m [34mINFO  [XStream-Receive id:42 of Lobby]                      sc.player.Logic[0;39m - Zug: 56 Dran: ONE
[35m00:12:39.300[0;39m [34mINFO  [XStream-Receive id:42 of Lobby]                      sc.player.Logic[0;39m - Zug: 57 Dran: TWO
[35m00:12:39.318[0;39m [34mINFO  [XStream-Receive id:42 of Lobby]                      sc.player.Logic[0;39m - Es wurde ein Zug von TWO angefordert.
[35m00:12:39.318[0;39m [34mINFO  [XStream-Receive id:42 of Lobby]                      sc.player.Logic[0;39m - Sende Zurückfallen nach 0ms.
[35m00:12:39.523[0;39m [34mINFO  [XStream-Receive id:42 of Lobby]                      sc.player.Logic[0;39m - Zug: 58 Dran: ONE
[35m00:12:39.545[0;39m [34mINFO  [XStream-Receive id:42 of Lobby]                      sc.player.Logic[0;39m - Zug: 59 Dran: TWO
[35m00:12:39.563[0;39m [34mINFO  [XStream-Receive id:42 of Lobby]                      sc.player.Logic[0;39m - Es wurde ein Zug von TWO angefordert.
[35m00:12:39.563[0;39m [34mINFO  [XStream-Receive id:42 of Lobby]                      sc.player.Logic[0;39m - Sende Zurückfallen nach 0ms.
[35m00:12:39.749[0;39m [34mINFO  [XStream-Receive id:42 of Lobby]                      sc.player.Logic[0;39m - Zug: 60 Dran: ONE
[35m00:12:39.809[0;39m [34mINFO  [XStream-Receive id:42 of Lobby]                      sc.player.Logic[0;39m - Das Spiel ist beendet, Ergebnis: GameResult(winner=Spieler 2 ist weiter vorne., scores=[Spieler 1[Siegpunkte=0, Feldnummer=46, Karotten=299], Spieler 2[Siegpunkte=2, Feldnummer=54, Karotten=70]])
[35m00:12:39.809[0;39m [34mINFO  [XStream-Receive id:42 of Lobby]    sc.networking.clients.LobbyClient[0;39m - Received game result: GameResult(winner=Spieler 2 ist weiter vorne., scores=[Spieler 1[Siegpunkte=0, Feldnummer=46, Karotten=299], Spieler 2[Siegpunkte=2, Feldnummer=54, Karotten=70]])
[35m00:12:39.809[0;39m [34mINFO  [XStream-Receive id:42 of Lobby]    sc.networking.clients.LobbyClient[0;39m - Left 3cd4bf68-9aa6-4991-92b3-59e42a0daa3f
[35m00:12:39.810[0;39m [34mINFO  [XStream-Receive id:42 of Lobby]  sc.networking.clients.XStreamClient[0;39m - Stopping XStream-Receive id:42 of LobbyClient@5b3f61ff
[35m00:12:39.810[0;39m [31mWARN  [XStream-Receive id:42 of Lobby]  sc.networking.clients.XStreamClient[0;39m - ReceiveThread is stopping itself
[35m00:12:39.810[0;39m [34mINFO  [XStream-Receive id:42 of Lobby]  sc.networking.clients.XStreamClient[0;39m - Disconnected with INITIATED_DISCONNECT: LobbyClient@5b3f61ff
