[35m18:35:37.618[0;39m [31mWARN       [JavaFX Application Thread]              sc.server.Configuration[0;39m - Could not find server.properties at C:\Users\erikd\Desktop\Work\Schule\Informatik\Java\server.properties, will use default values!
[35m18:35:37.627[0;39m [34mINFO       [JavaFX Application Thread]  sc.server.network.NewClientListener[0;39m - Listening on port 13050 for incoming connections.
[35m18:35:37.628[0;39m [34mINFO                   [ClientManager]      sc.server.network.ClientManager[0;39m - ClientManager running
[35m18:35:37.775[0;39m [39mDEBUG      [JavaFX Application Thread]            sc.gui.AppStyle$Companion[0;39m - System Font: Font[name=System Regular, family=System, style=Regular, size=12.0]
[35m18:35:38.396[0;39m [39mDEBUG      [JavaFX Application Thread]      sc.gui.controller.AppController[0;39m - Requested View change from GAME_CREATION -> GAME_CREATION
[35m18:35:38.396[0;39m [31mWARN       [JavaFX Application Thread]      sc.gui.controller.AppController[0;39m - Noop view change request!
[35m18:35:48.604[0;39m [34mINFO               [NewClientListener]  sc.server.network.NewClientListener[0;39m - Connecting a Client at Socket[addr=/127.0.0.1,port=59558,localport=13050]...
[35m18:35:49.073[0;39m [34mINFO                   [ClientManager]      sc.server.network.ClientManager[0;39m - Delegating new client to ClientManager...
[35m18:35:49.073[0;39m [34mINFO               [NewClientListener]  sc.server.network.NewClientListener[0;39m - Added Client Client@38d3c111 to ReadyQueue.
[35m18:35:49.074[0;39m [34mINFO                   [ClientManager]      sc.server.network.ClientManager[0;39m - Delegation done
[35m18:35:49.232[0;39m [31mWARN  [XStream-Receive id:55 of Clien]            sc.server.gaming.GameRoom[0;39m - PAUSE is already false, dropping request
[35m18:35:49.236[0;39m [34mINFO  [XStream-Receive id:55 of Clien]            sc.server.gaming.GameRoom[0;39m - Game not ready yet: Game(players=[ONE()], gameState=GameState(board=Board[â–¶, P1, ðŸ§º, ðŸ¥•, ðŸ¥•, ðŸ‡, ðŸ¥•, ðŸ‡, P2, ðŸ‡, ðŸ¥—, ðŸ¦”, ðŸ¥•, ðŸ‡, ðŸ¥•, ðŸ¦”, P2, ðŸ§º, P1, ðŸ¦”, P2, ðŸ¥—, ðŸ¥•, ðŸ¥•, ðŸ¦”, ðŸ¥•, ðŸ¥•, P2, ðŸ§º, ðŸ‡, ðŸ¦”, ðŸ¥•, ðŸ‡, ðŸ‡, P2, P1, ðŸ¥•, ðŸ¦”, ðŸ¥•, ðŸ¥•, ðŸ‡, P2, ðŸ¥—, ðŸ¦”, ðŸ§º, ðŸ‡, P2, ðŸ¥•, P1, ðŸ¥•, ðŸ¦”, ðŸ¥•, ðŸ§º, ðŸ‡, ðŸ¥•, P2, ðŸ¦”, ðŸ¥—, ðŸ‡, ðŸ¥•, P1, ðŸ¥•, ðŸ‡, ðŸ¥•, ðŸ], turn=0, players=[Hare(team=ONE, position=0, salads=5, carrots=68, lastAction=null, cards=[]), Hare(team=TWO, position=0, salads=5, carrots=68, lastAction=null, cards=[])], lastMove=null))
[35m18:35:52.721[0;39m [39mDEBUG      [JavaFX Application Thread]      sc.gui.controller.AppController[0;39m - Requested View change from GAME_CREATION -> GAME_LOADING
[35m18:35:52.741[0;39m [34mINFO       [tornadofx-thread-1-daemon]  sc.networking.clients.XStreamClient[0;39m - Creating TCP Network for localhost:13050
[35m18:35:52.751[0;39m [34mINFO               [NewClientListener]  sc.server.network.NewClientListener[0;39m - Connecting a Client at Socket[addr=/127.0.0.1,port=59564,localport=13050]...
[35m18:35:52.755[0;39m [34mINFO               [NewClientListener]  sc.server.network.NewClientListener[0;39m - Added Client Client@67aafcbb to ReadyQueue.
[35m18:35:52.755[0;39m [34mINFO                   [ClientManager]      sc.server.network.ClientManager[0;39m - Delegating new client to ClientManager...
[35m18:35:52.755[0;39m [34mINFO                   [ClientManager]      sc.server.network.ClientManager[0;39m - Delegation done
[35m18:35:52.756[0;39m [34mINFO  [XStream-Receive id:58 of Clien]             sc.server.network.Client[0;39m - Client authenticated as administrator
[35m18:35:52.758[0;39m [34mINFO       [tornadofx-thread-1-daemon]  sc.networking.clients.XStreamClient[0;39m - Creating TCP Network for localhost:13050
[35m18:35:52.759[0;39m [34mINFO               [NewClientListener]  sc.server.network.NewClientListener[0;39m - Connecting a Client at Socket[addr=/127.0.0.1,port=59565,localport=13050]...
[35m18:35:52.762[0;39m [34mINFO               [NewClientListener]  sc.server.network.NewClientListener[0;39m - Added Client Client@36d1ef4d to ReadyQueue.
[35m18:35:52.762[0;39m [34mINFO                   [ClientManager]      sc.server.network.ClientManager[0;39m - Delegating new client to ClientManager...
[35m18:35:52.763[0;39m [34mINFO                   [ClientManager]      sc.server.network.ClientManager[0;39m - Delegation done
[35m18:35:52.764[0;39m [39mDEBUG      [tornadofx-thread-1-daemon]                  sc.gui.LobbyManager[0;39m - Starting new game (paused: true, players: [Player(name=Spieler 1, client=sc.gui.controller.client.ExternalClient@5afd66c2 on localhost:13050), Player(name=Spieler 2, client=sc.gui.controller.client.GuiClient@37518f0b type Beispiel-Computerspieler on localhost:13050)])
[35m18:35:52.772[0;39m [34mINFO  [XStream-Receive id:58 of Clien]            sc.server.gaming.GameRoom[0;39m - Toggling PAUSE from false to true for Game(players=[], gameState=GameState(board=Board[â–¶, ðŸ¥•, ðŸ‡, ðŸ§º, ðŸ‡, ðŸ‡, ðŸ¥•, P1, ðŸ¥•, P2, ðŸ¥—, ðŸ¦”, ðŸ¥•, ðŸ‡, ðŸ¥•, ðŸ¦”, ðŸ§º, P1, P2, ðŸ¦”, ðŸ¥•, P2, ðŸ¥•, ðŸ¥—, ðŸ¦”, ðŸ¥•, ðŸ‡, ðŸ§º, P2, ðŸ¥•, ðŸ¦”, ðŸ‡, P1, ðŸ¥•, ðŸ¥•, ðŸ‡, P2, ðŸ¦”, P2, ðŸ¥•, ðŸ¥•, ðŸ‡, ðŸ¥—, ðŸ¦”, ðŸ§º, ðŸ¥•, P1, ðŸ‡, P2, ðŸ¥•, ðŸ¦”, ðŸ¥•, ðŸ‡, ðŸ¥•, P2, ðŸ§º, ðŸ¦”, ðŸ¥—, ðŸ‡, ðŸ¥•, P1, ðŸ¥•, ðŸ‡, ðŸ¥•, ðŸ], turn=0, players=[Hare(team=ONE, position=0, salads=5, carrots=68, lastAction=null, cards=[]), Hare(team=TWO, position=0, salads=5, carrots=68, lastAction=null, cards=[])], lastMove=null))
[35m18:35:52.784[0;39m [34mINFO  [XStream-Receive id:59 of Clien]  sc.server.gaming.ReservationManager[0;39m - Reservation 5f963b01-8133-4320-81b9-8d186663aef5 was redeemed.
[35m18:35:52.785[0;39m [34mINFO  [XStream-Receive id:59 of Clien]            sc.server.gaming.GameRoom[0;39m - Game not ready yet: Game(PAUSED, players=[ONE(Spieler 1), TWO(Spieler 2)], gameState=GameState(board=Board[â–¶, ðŸ¥•, ðŸ‡, ðŸ§º, ðŸ‡, ðŸ‡, ðŸ¥•, P1, ðŸ¥•, P2, ðŸ¥—, ðŸ¦”, ðŸ¥•, ðŸ‡, ðŸ¥•, ðŸ¦”, ðŸ§º, P1, P2, ðŸ¦”, ðŸ¥•, P2, ðŸ¥•, ðŸ¥—, ðŸ¦”, ðŸ¥•, ðŸ‡, ðŸ§º, P2, ðŸ¥•, ðŸ¦”, ðŸ‡, P1, ðŸ¥•, ðŸ¥•, ðŸ‡, P2, ðŸ¦”, P2, ðŸ¥•, ðŸ¥•, ðŸ‡, ðŸ¥—, ðŸ¦”, ðŸ§º, ðŸ¥•, P1, ðŸ‡, P2, ðŸ¥•, ðŸ¦”, ðŸ¥•, ðŸ‡, ðŸ¥•, P2, ðŸ§º, ðŸ¦”, ðŸ¥—, ðŸ‡, ðŸ¥•, P1, ðŸ¥•, ðŸ‡, ðŸ¥•, ðŸ], turn=0, players=[Hare(team=ONE, position=0, salads=5, carrots=68, lastAction=null, cards=[]), Hare(team=TWO, position=0, salads=5, carrots=68, lastAction=null, cards=[])], lastMove=null))
[35m18:35:59.387[0;39m [31mWARN  [XStream-Receive id:55 of Clien]  sc.networking.clients.XStreamClient[0;39m - Disconnecting with LOST_CONNECTION because of com.thoughtworks.xstream.io.StreamException: : Client@38d3c111
com.thoughtworks.xstream.io.StreamException: 
	at com.thoughtworks.xstream.io.xml.XppReader.pullNextEvent(XppReader.java:126)
	at com.thoughtworks.xstream.io.xml.AbstractPullReader.readRealEvent(AbstractPullReader.java:148)
	at com.thoughtworks.xstream.io.xml.AbstractPullReader.readEvent(AbstractPullReader.java:135)
	at com.thoughtworks.xstream.io.xml.AbstractPullReader.hasMoreChildren(AbstractPullReader.java:87)
	at com.thoughtworks.xstream.XStream$4.readFromStream(XStream.java:2101)
	at com.thoughtworks.xstream.core.util.CustomObjectInputStream.readObjectOverride(CustomObjectInputStream.java:123)
	at java.base/java.io.ObjectInputStream.readObject(ObjectInputStream.java:519)
	at java.base/java.io.ObjectInputStream.readObject(ObjectInputStream.java:486)
	at sc.networking.clients.XStreamClient.receiveThread(XStreamClient.java:103)
	at sc.networking.clients.XStreamClient$1.run(XStreamClient.java:80)
	at java.base/java.lang.Thread.run(Thread.java:1575)
Caused by: java.net.SocketException: Connection reset
	at java.base/sun.nio.ch.NioSocketImpl.implRead(NioSocketImpl.java:318)
	at java.base/sun.nio.ch.NioSocketImpl.read(NioSocketImpl.java:346)
	at java.base/sun.nio.ch.NioSocketImpl$1.read(NioSocketImpl.java:796)
	at java.base/java.net.Socket$SocketInputStream.implRead(Socket.java:1116)
	at java.base/java.net.Socket$SocketInputStream.read(Socket.java:1103)
	at java.base/java.io.FilterInputStream.read(FilterInputStream.java:119)
	at java.base/java.io.PushbackInputStream.read(PushbackInputStream.java:197)
	at java.base/sun.nio.cs.StreamDecoder.readBytes(StreamDecoder.java:350)
	at java.base/sun.nio.cs.StreamDecoder.implRead(StreamDecoder.java:393)
	at java.base/sun.nio.cs.StreamDecoder.lockedRead(StreamDecoder.java:217)
	at java.base/sun.nio.cs.StreamDecoder.read(StreamDecoder.java:171)
	at java.base/java.io.InputStreamReader.read(InputStreamReader.java:190)
	at com.thoughtworks.xstream.core.util.XmlHeaderAwareReader.read(XmlHeaderAwareReader.java:223)
	at org.kxml2.io.KXmlParser.peek(Unknown Source)
	at org.kxml2.io.KXmlParser.peekType(Unknown Source)
	at org.kxml2.io.KXmlParser.nextImpl(Unknown Source)
	at org.kxml2.io.KXmlParser.next(Unknown Source)
	at com.thoughtworks.xstream.io.xml.XppReader.pullNextEvent(XppReader.java:109)
	... 10 common frames omitted
[35m18:35:59.389[0;39m [34mINFO  [XStream-Receive id:55 of Clien]  sc.networking.clients.XStreamClient[0;39m - Disconnected with LOST_CONNECTION: Client@38d3c111
[35m18:35:59.389[0;39m [34mINFO  [XStream-Receive id:55 of Clien]      sc.server.network.ClientManager[0;39m - Removing client Client@38d3c111 from client manager
[35m18:35:59.389[0;39m [34mINFO  [XStream-Receive id:55 of Clien]            sc.server.gaming.GameRoom[0;39m - Removing ONE() from sc.server.gaming.GameRoom@18e4cf36
[35m18:35:59.390[0;39m [34mINFO  [XStream-Receive id:55 of Clien]   sc.framework.plugins.TwoPlayerGame[0;39m - Stopping Game(players=[ONE()], gameState=GameState(board=Board[â–¶, P1, ðŸ§º, ðŸ¥•, ðŸ¥•, ðŸ‡, ðŸ¥•, ðŸ‡, P2, ðŸ‡, ðŸ¥—, ðŸ¦”, ðŸ¥•, ðŸ‡, ðŸ¥•, ðŸ¦”, P2, ðŸ§º, P1, ðŸ¦”, P2, ðŸ¥—, ðŸ¥•, ðŸ¥•, ðŸ¦”, ðŸ¥•, ðŸ¥•, P2, ðŸ§º, ðŸ‡, ðŸ¦”, ðŸ¥•, ðŸ‡, ðŸ‡, P2, P1, ðŸ¥•, ðŸ¦”, ðŸ¥•, ðŸ¥•, ðŸ‡, P2, ðŸ¥—, ðŸ¦”, ðŸ§º, ðŸ‡, P2, ðŸ¥•, P1, ðŸ¥•, ðŸ¦”, ðŸ¥•, ðŸ§º, ðŸ‡, ðŸ¥•, P2, ðŸ¦”, ðŸ¥—, ðŸ‡, ðŸ¥•, P1, ðŸ¥•, ðŸ‡, ðŸ¥•, ðŸ], turn=0, players=[Hare(team=ONE, position=0, salads=5, carrots=68, lastAction=null, cards=[]), Hare(team=TWO, position=0, salads=5, carrots=68, lastAction=null, cards=[])], lastMove=null))
[35m18:35:59.390[0;39m [34mINFO  [XStream-Receive id:55 of Clien]            sc.server.gaming.GameRoom[0;39m - Updating Status to OVER (was: CREATED)
[35m18:35:59.390[0;39m [34mINFO  [XStream-Receive id:55 of Clien]            sc.server.gaming.GameRoom[0;39m - Game(players=[ONE()], gameState=GameState(board=Board[â–¶, P1, ðŸ§º, ðŸ¥•, ðŸ¥•, ðŸ‡, ðŸ¥•, ðŸ‡, P2, ðŸ‡, ðŸ¥—, ðŸ¦”, ðŸ¥•, ðŸ‡, ðŸ¥•, ðŸ¦”, P2, ðŸ§º, P1, ðŸ¦”, P2, ðŸ¥—, ðŸ¥•, ðŸ¥•, ðŸ¦”, ðŸ¥•, ðŸ¥•, P2, ðŸ§º, ðŸ‡, ðŸ¦”, ðŸ¥•, ðŸ‡, ðŸ‡, P2, P1, ðŸ¥•, ðŸ¦”, ðŸ¥•, ðŸ¥•, ðŸ‡, P2, ðŸ¥—, ðŸ¦”, ðŸ§º, ðŸ‡, P2, ðŸ¥•, P1, ðŸ¥•, ðŸ¦”, ðŸ¥•, ðŸ§º, ðŸ‡, ðŸ¥•, P2, ðŸ¦”, ðŸ¥—, ðŸ‡, ðŸ¥•, P1, ðŸ¥•, ðŸ‡, ðŸ¥•, ðŸ], turn=0, players=[Hare(team=ONE, position=0, salads=5, carrots=68, lastAction=null, cards=[]), Hare(team=TWO, position=0, salads=5, carrots=68, lastAction=null, cards=[])], lastMove=null)) is over (regular=false)
[35m18:35:59.391[0;39m [31mWARN  [XStream-Receive id:55 of Clien]  sc.networking.clients.XStreamClient[0;39m - Writing on a closed Stream -> dropped the packet (tried to send package of type RoomPacket)
[35m18:35:59.401[0;39m [31mWARN  [XStream-Receive id:55 of Clien]  sc.networking.clients.XStreamClient[0;39m - Writing on a closed Stream -> dropped the packet (tried to send package of type RemovedFromGame)
[35m18:36:00.333[0;39m [34mINFO               [NewClientListener]  sc.server.network.NewClientListener[0;39m - Connecting a Client at Socket[addr=/127.0.0.1,port=59575,localport=13050]...
[35m18:36:00.338[0;39m [34mINFO                   [ClientManager]      sc.server.network.ClientManager[0;39m - Delegating new client to ClientManager...
[35m18:36:00.338[0;39m [34mINFO               [NewClientListener]  sc.server.network.NewClientListener[0;39m - Added Client Client@44f13b2e to ReadyQueue.
[35m18:36:00.338[0;39m [34mINFO                   [ClientManager]      sc.server.network.ClientManager[0;39m - Delegation done
[35m18:36:00.936[0;39m [34mINFO  [XStream-Receive id:61 of Clien]            sc.server.gaming.GameRoom[0;39m - Starting Game(PAUSED, players=[ONE(Spieler 1), TWO(Spieler 2)], gameState=GameState(board=Board[â–¶, ðŸ¥•, ðŸ‡, ðŸ§º, ðŸ‡, ðŸ‡, ðŸ¥•, P1, ðŸ¥•, P2, ðŸ¥—, ðŸ¦”, ðŸ¥•, ðŸ‡, ðŸ¥•, ðŸ¦”, ðŸ§º, P1, P2, ðŸ¦”, ðŸ¥•, P2, ðŸ¥•, ðŸ¥—, ðŸ¦”, ðŸ¥•, ðŸ‡, ðŸ§º, P2, ðŸ¥•, ðŸ¦”, ðŸ‡, P1, ðŸ¥•, ðŸ¥•, ðŸ‡, P2, ðŸ¦”, P2, ðŸ¥•, ðŸ¥•, ðŸ‡, ðŸ¥—, ðŸ¦”, ðŸ§º, ðŸ¥•, P1, ðŸ‡, P2, ðŸ¥•, ðŸ¦”, ðŸ¥•, ðŸ‡, ðŸ¥•, P2, ðŸ§º, ðŸ¦”, ðŸ¥—, ðŸ‡, ðŸ¥•, P1, ðŸ¥•, ðŸ‡, ðŸ¥•, ðŸ], turn=0, players=[Hare(team=ONE, position=0, salads=5, carrots=68, lastAction=null, cards=[]), Hare(team=TWO, position=0, salads=5, carrots=68, lastAction=null, cards=[])], lastMove=null))
[35m18:36:00.949[0;39m [34mINFO  [XStream-Receive id:61 of Clien]            sc.server.gaming.GameRoom[0;39m - Updating Status to ACTIVE (was: CREATED)
[35m18:36:00.950[0;39m [39mDEBUG      [JavaFX Application Thread]  s.gui.controller.GameFlowController[0;39m - New state: GameState(board=Board[â–¶, ðŸ¥•, ðŸ‡, ðŸ§º, ðŸ‡, ðŸ‡, ðŸ¥•, P1, ðŸ¥•, P2, ðŸ¥—, ðŸ¦”, ðŸ¥•, ðŸ‡, ðŸ¥•, ðŸ¦”, ðŸ§º, P1, P2, ðŸ¦”, ðŸ¥•, P2, ðŸ¥•, ðŸ¥—, ðŸ¦”, ðŸ¥•, ðŸ‡, ðŸ§º, P2, ðŸ¥•, ðŸ¦”, ðŸ‡, P1, ðŸ¥•, ðŸ¥•, ðŸ‡, P2, ðŸ¦”, P2, ðŸ¥•, ðŸ¥•, ðŸ‡, ðŸ¥—, ðŸ¦”, ðŸ§º, ðŸ¥•, P1, ðŸ‡, P2, ðŸ¥•, ðŸ¦”, ðŸ¥•, ðŸ‡, ðŸ¥•, P2, ðŸ§º, ðŸ¦”, ðŸ¥—, ðŸ‡, ðŸ¥•, P1, ðŸ¥•, ðŸ‡, ðŸ¥•, ðŸ], turn=0, players=[Hare(team=ONE, position=0, salads=5, carrots=68, lastAction=null, cards=[]), Hare(team=TWO, position=0, salads=5, carrots=68, lastAction=null, cards=[])], lastMove=null)
[35m18:36:00.951[0;39m [39mDEBUG      [JavaFX Application Thread]      sc.gui.controller.AppController[0;39m - Requested View change from GAME_LOADING -> GAME
[35m18:36:00.990[0;39m [39mDEBUG      [JavaFX Application Thread]              sc.gui.view.ControlView[0;39m - GameControlState START
